#
# There is insufficient memory for the Java Runtime Environment to continue.
# Native memory allocation (malloc) failed to allocate 1076816 bytes for Chunk::new
# Possible reasons:
#   The system is out of physical RAM or swap space
#   The process is running with CompressedOops enabled, and the Java Heap may be blocking the growth of the native heap
# Possible solutions:
#   Reduce memory load on the system
#   Increase physical memory or swap space
#   Check if swap backing store is full
#   Decrease Java heap size (-Xmx/-Xms)
#   Decrease number of Java threads
#   Decrease Java thread stack sizes (-Xss)
#   Set larger code cache with -XX:ReservedCodeCacheSize=
#   JVM is running with Unscaled Compressed Oops mode in which the Java heap is
#     placed in the first 4GB address space. The Java Heap base address is the
#     maximum limit for the native heap growth. Please use -XX:HeapBaseMinAddress
#     to set the Java Heap base and to place the Java Heap above 4GB virtual address.
# This output file may be truncated or incomplete.
#
#  Out of Memory Error (./src/hotspot/share/memory/arena.cpp:197), pid=29468, tid=14324
#
# JRE version: OpenJDK Runtime Environment (11.0.13) (build 11.0.13+0-b1751.21-8125866)
# Java VM: OpenJDK 64-Bit Server VM (11.0.13+0-b1751.21-8125866, mixed mode, tiered, compressed oops, g1 gc, windows-amd64)
# No core dump will be written. Minidumps are not enabled by default on client versions of Windows
#

---------------  S U M M A R Y ------------

Command Line: --add-opens=java.base/java.util=ALL-UNNAMED --add-opens=java.base/java.lang=ALL-UNNAMED --add-opens=java.base/java.lang.invoke=ALL-UNNAMED --add-opens=java.base/java.util=ALL-UNNAMED --add-opens=java.prefs/java.util.prefs=ALL-UNNAMED --add-opens=java.prefs/java.util.prefs=ALL-UNNAMED --add-opens=java.base/java.nio.charset=ALL-UNNAMED --add-opens=java.base/java.net=ALL-UNNAMED --add-opens=java.base/java.util.concurrent.atomic=ALL-UNNAMED -Xmx2048m -Dfile.encoding=UTF-8 -Duser.country=CA -Duser.language=en -Duser.variant org.gradle.launcher.daemon.bootstrap.GradleDaemon 7.3.3

Host: 11th Gen Intel(R) Core(TM) i5-1135G7 @ 2.40GHz, 8 cores, 7G,  Windows 11 , 64 bit Build 22621 (10.0.22621.1194)
Time: Fri Mar  3 11:47:11 2023 Eastern Standard Time elapsed time: 2111.497393 seconds (0d 0h 35m 11s)

---------------  T H R E A D  ---------------

Current thread (0x00000229fc038000):  JavaThread "C2 CompilerThread0" daemon [_thread_in_native, id=14324, stack(0x0000009f4b500000,0x0000009f4b600000)]


Current CompileTask:
C2:2111497 21491       4       com.android.builder.symbols.BytecodeRClassWriterKt::generateResourceTypeClass (725 bytes)

Stack: [0x0000009f4b500000,0x0000009f4b600000]
Native frames: (J=compiled Java code, j=interpreted, Vv=VM code, C=native code)
V  [jvm.dll+0x6100fa]
V  [jvm.dll+0x747090]
V  [jvm.dll+0x7486ad]
V  [jvm.dll+0x748d83]
V  [jvm.dll+0x24ab48]
V  [jvm.dll+0xc04dc]
V  [jvm.dll+0xc0a0c]
V  [jvm.dll+0x2bfab4]
V  [jvm.dll+0x524238]
V  [jvm.dll+0x20b193]
V  [jvm.dll+0x204ca0]
V  [jvm.dll+0x2023c2]
V  [jvm.dll+0x188e01]
V  [jvm.dll+0x21106b]
V  [jvm.dll+0x20f8c1]
V  [jvm.dll+0x70de0f]
V  [jvm.dll+0x706a75]
V  [jvm.dll+0x60ed66]
C  [ucrtbase.dll+0x29363]
C  [KERNEL32.DLL+0x126bd]
C  [ntdll.dll+0x5dfb8]


---------------  P R O C E S S  ---------------

Threads class SMR info:
_java_thread_list=0x0000022980f879f0, length=123, elements={
0x00000229e11fa800, 0x00000229fb6af800, 0x00000229fb6bb800, 0x00000229fc034800,
0x00000229fc035800, 0x00000229fc036800, 0x00000229fc038000, 0x00000229fc03c800,
0x00000229fc043800, 0x00000229fc18d000, 0x00000229fd91e000, 0x00000229fd6b0000,
0x00000229fc509800, 0x00000229fd6ce000, 0x00000229fd6cb800, 0x00000229fd6ce800,
0x00000229fd6cf800, 0x00000229fd6ca800, 0x00000229fe5d9000, 0x00000229fe5d6800,
0x00000229fe5d5000, 0x00000229fe5d5800, 0x00000229fe5da800, 0x00000229fe5db800,
0x00000229fe5dd000, 0x00000229fe9c5000, 0x00000229fe9c3800, 0x00000229fe9bf800,
0x0000022980b91800, 0x000002298615b800, 0x000002298615e000, 0x00000229fe5d9800,
0x00000229fe5dc000, 0x00000229fe5d7000, 0x00000229fe5de800, 0x00000229fe5df800,
0x00000229fe5e0000, 0x00000229fe5e2000, 0x00000229fe5e1000, 0x00000229fe5e2800,
0x0000022980b8e000, 0x0000022980b92800, 0x0000022980b8f000, 0x0000022980b93000,
0x0000022980b90000, 0x0000022980b8d800, 0x0000022980b94800, 0x0000022980b94000,
0x0000022980b95800, 0x0000022980b96800, 0x0000022980b90800, 0x0000022980b97000,
0x0000022980b99800, 0x0000022980b98000, 0x0000022980b9a800, 0x0000022980b9b000,
0x0000022980b99000, 0x0000022980b9c000, 0x0000022981f28000, 0x0000022981f2a800,
0x0000022981f29800, 0x0000022981f2f000, 0x0000022981f2d000, 0x0000022981f2c000,
0x0000022981f2b000, 0x0000022981f30000, 0x0000022981f2d800, 0x0000022981f33800,
0x0000022981f31800, 0x0000022981f32800, 0x0000022981f31000, 0x0000022981f34000,
0x0000022981f2e800, 0x0000022981f35000, 0x0000022981f36000, 0x0000022981f36800,
0x000002298216d000, 0x0000022982168800, 0x000002298216a800, 0x000002298216c000,
0x0000022982169800, 0x000002298216b000, 0x000002298216d800, 0x0000022982168000,
0x0000022982173800, 0x0000022982174000, 0x000002298216f800, 0x0000022982170000,
0x0000022982175000, 0x0000022982176000, 0x0000022982176800, 0x0000022982171000,
0x0000022982171800, 0x0000022982172800, 0x00000229fe9b8000, 0x00000229fe9bc000,
0x00000229fe9b7800, 0x00000229fe9bb800, 0x00000229fe9b6800, 0x00000229fe9b9000,
0x00000229fe9bd000, 0x00000229fe9b9800, 0x00000229fe9c0800, 0x00000229fe9be000,
0x00000229fe9ba800, 0x00000229fe9c1000, 0x00000229fe9c2000, 0x00000229fe9be800,
0x00000229fe9c4800, 0x00000229fe9c2800, 0x000002298615c000, 0x0000022986159000,
0x0000022986157800, 0x0000022986158000, 0x000002298615d000, 0x000002298615e800,
0x000002298615a800, 0x000002298615f800, 0x0000022986159800, 0x0000022986166000,
0x0000022986164800, 0x0000022986163800, 0x00000229826c8000
}

Java Threads: ( => current thread )
  0x00000229e11fa800 JavaThread "main" [_thread_blocked, id=33968, stack(0x0000009f4a900000,0x0000009f4aa00000)]
  0x00000229fb6af800 JavaThread "Reference Handler" daemon [_thread_blocked, id=30968, stack(0x0000009f4b000000,0x0000009f4b100000)]
  0x00000229fb6bb800 JavaThread "Finalizer" daemon [_thread_blocked, id=27252, stack(0x0000009f4b100000,0x0000009f4b200000)]
  0x00000229fc034800 JavaThread "Signal Dispatcher" daemon [_thread_blocked, id=36056, stack(0x0000009f4b200000,0x0000009f4b300000)]
  0x00000229fc035800 JavaThread "Attach Listener" daemon [_thread_blocked, id=26376, stack(0x0000009f4b300000,0x0000009f4b400000)]
  0x00000229fc036800 JavaThread "Service Thread" daemon [_thread_blocked, id=34240, stack(0x0000009f4b400000,0x0000009f4b500000)]
=>0x00000229fc038000 JavaThread "C2 CompilerThread0" daemon [_thread_in_native, id=14324, stack(0x0000009f4b500000,0x0000009f4b600000)]
  0x00000229fc03c800 JavaThread "C1 CompilerThread0" daemon [_thread_blocked, id=21968, stack(0x0000009f4b600000,0x0000009f4b700000)]
  0x00000229fc043800 JavaThread "Sweeper thread" daemon [_thread_blocked, id=26968, stack(0x0000009f4b700000,0x0000009f4b800000)]
  0x00000229fc18d000 JavaThread "Common-Cleaner" daemon [_thread_blocked, id=21180, stack(0x0000009f4b800000,0x0000009f4b900000)]
  0x00000229fd91e000 JavaThread "Daemon health stats" [_thread_blocked, id=13728, stack(0x0000009f4bb00000,0x0000009f4bc00000)]
  0x00000229fd6b0000 JavaThread "Incoming local TCP Connector on port 50388" [_thread_in_native, id=14996, stack(0x0000009f4bc00000,0x0000009f4bd00000)]
  0x00000229fc509800 JavaThread "Daemon periodic checks" [_thread_blocked, id=9580, stack(0x0000009f4bd00000,0x0000009f4be00000)]
  0x00000229fd6ce000 JavaThread "Cache worker for journal cache (C:\Users\kches\.gradle\caches\journal-1)" [_thread_blocked, id=33132, stack(0x0000009f4cb00000,0x0000009f4cc00000)]
  0x00000229fd6cb800 JavaThread "File lock request listener" [_thread_in_native, id=14128, stack(0x0000009f4cc00000,0x0000009f4cd00000)]
  0x00000229fd6ce800 JavaThread "Cache worker for file hash cache (C:\Users\kches\.gradle\caches\7.3.3\fileHashes)" [_thread_blocked, id=36148, stack(0x0000009f4cd00000,0x0000009f4ce00000)]
  0x00000229fd6cf800 JavaThread "File watcher server" daemon [_thread_in_native, id=29476, stack(0x0000009f4d100000,0x0000009f4d200000)]
  0x00000229fd6ca800 JavaThread "File watcher consumer" daemon [_thread_blocked, id=31896, stack(0x0000009f4d200000,0x0000009f4d300000)]
  0x00000229fe5d9000 JavaThread "Cache worker for execution history cache (C:\Users\kches\.gradle\caches\7.3.3\executionHistory)" [_thread_blocked, id=27068, stack(0x0000009f4d600000,0x0000009f4d700000)]
  0x00000229fe5d6800 JavaThread "jar transforms" [_thread_blocked, id=35168, stack(0x0000009f4d700000,0x0000009f4d800000)]
  0x00000229fe5d5000 JavaThread "jar transforms Thread 2" [_thread_blocked, id=14380, stack(0x0000009f4d800000,0x0000009f4d900000)]
  0x00000229fe5d5800 JavaThread "Cache worker for file content cache (C:\Users\kches\.gradle\caches\7.3.3\fileContent)" [_thread_blocked, id=35004, stack(0x0000009f4d900000,0x0000009f4da00000)]
  0x00000229fe5da800 JavaThread "jar transforms Thread 3" [_thread_blocked, id=10544, stack(0x0000009f4da00000,0x0000009f4db00000)]
  0x00000229fe5db800 JavaThread "jar transforms Thread 4" [_thread_blocked, id=11348, stack(0x0000009f4dc00000,0x0000009f4dd00000)]
  0x00000229fe5dd000 JavaThread "jar transforms Thread 5" [_thread_blocked, id=36684, stack(0x0000009f4db00000,0x0000009f4dc00000)]
  0x00000229fe9c5000 JavaThread "jar transforms Thread 6" [_thread_blocked, id=17512, stack(0x0000009f53200000,0x0000009f53300000)]
  0x00000229fe9c3800 JavaThread "jar transforms Thread 7" [_thread_blocked, id=36652, stack(0x0000009f53300000,0x0000009f53400000)]
  0x00000229fe9bf800 JavaThread "jar transforms Thread 8" [_thread_blocked, id=14064, stack(0x0000009f53400000,0x0000009f53500000)]
  0x0000022980b91800 JavaThread "Memory manager" [_thread_blocked, id=28504, stack(0x0000009f4a700000,0x0000009f4a800000)]
  0x000002298615b800 JavaThread "Daemon Thread 7" [_thread_blocked, id=9168, stack(0x0000009f4be00000,0x0000009f4bf00000)]
  0x000002298615e000 JavaThread "Daemon worker Thread 5" [_thread_in_native, id=26248, stack(0x0000009f4c100000,0x0000009f4c200000)]
  0x00000229fe5d9800 JavaThread "Handler for socket connection from /127.0.0.1:50388 to /127.0.0.1:51511" [_thread_in_native, id=21920, stack(0x0000009f4a800000,0x0000009f4a900000)]
  0x00000229fe5dc000 JavaThread "Cancel handler" [_thread_blocked, id=34016, stack(0x0000009f4bf00000,0x0000009f4c000000)]
  0x00000229fe5d7000 JavaThread "Asynchronous log dispatcher for DefaultDaemonConnection: socket connection from /127.0.0.1:50388 to /127.0.0.1:51511" [_thread_blocked, id=35108, stack(0x0000009f4c000000,0x0000009f4c100000)]
  0x00000229fe5de800 JavaThread "Daemon client event forwarder" [_thread_blocked, id=26656, stack(0x0000009f4c300000,0x0000009f4c400000)]
  0x00000229fe5df800 JavaThread "Cache worker for file hash cache (C:\Users\kches\AndroidStudioProjects\ecommerce-site\.gradle\7.3.3\fileHashes)" [_thread_blocked, id=7000, stack(0x0000009f4c400000,0x0000009f4c500000)]
  0x00000229fe5e0000 JavaThread "Cache worker for checksums cache (C:\Users\kches\AndroidStudioProjects\ecommerce-site\.gradle\7.3.3\checksums)" [_thread_blocked, id=23512, stack(0x0000009f4cf00000,0x0000009f4d000000)]
  0x00000229fe5e2000 JavaThread "Cache worker for cache directory md-supplier (C:\Users\kches\.gradle\caches\7.3.3\md-supplier)" [_thread_blocked, id=11700, stack(0x0000009f4d000000,0x0000009f4d100000)]
  0x00000229fe5e1000 JavaThread "Cache worker for cache directory md-rule (C:\Users\kches\.gradle\caches\7.3.3\md-rule)" [_thread_blocked, id=29404, stack(0x0000009f4d300000,0x0000009f4d400000)]
  0x00000229fe5e2800 JavaThread "File lock release action executor Thread 4" [_thread_blocked, id=25700, stack(0x0000009f4d400000,0x0000009f4d500000)]
  0x0000022980b8e000 JavaThread "Cache worker for dependencies-accessors (C:\Users\kches\AndroidStudioProjects\ecommerce-site\.gradle\7.3.3\dependencies-accessors)" [_thread_blocked, id=26452, stack(0x0000009f4d500000,0x0000009f4d600000)]
  0x0000022980b92800 JavaThread "Cache worker for Build Output Cleanup Cache (C:\Users\kches\AndroidStudioProjects\ecommerce-site\.gradle\buildOutputCleanup)" [_thread_blocked, id=33576, stack(0x0000009f4dd00000,0x0000009f4de00000)]
  0x0000022980b8f000 JavaThread "Unconstrained build operations" [_thread_blocked, id=3780, stack(0x0000009f4df00000,0x0000009f4e000000)]
  0x0000022980b93000 JavaThread "Unconstrained build operations Thread 2" [_thread_blocked, id=10364, stack(0x0000009f4e000000,0x0000009f4e100000)]
  0x0000022980b90000 JavaThread "Unconstrained build operations Thread 3" [_thread_blocked, id=13724, stack(0x0000009f4e100000,0x0000009f4e200000)]
  0x0000022980b8d800 JavaThread "Unconstrained build operations Thread 4" [_thread_blocked, id=26236, stack(0x0000009f4e200000,0x0000009f4e300000)]
  0x0000022980b94800 JavaThread "Unconstrained build operations Thread 5" [_thread_blocked, id=10404, stack(0x0000009f4e300000,0x0000009f4e400000)]
  0x0000022980b94000 JavaThread "Unconstrained build operations Thread 6" [_thread_blocked, id=17568, stack(0x0000009f4e400000,0x0000009f4e500000)]
  0x0000022980b95800 JavaThread "Unconstrained build operations Thread 7" [_thread_blocked, id=13700, stack(0x0000009f4e500000,0x0000009f4e600000)]
  0x0000022980b96800 JavaThread "Unconstrained build operations Thread 8" [_thread_blocked, id=30252, stack(0x0000009f4e600000,0x0000009f4e700000)]
  0x0000022980b90800 JavaThread "Unconstrained build operations Thread 9" [_thread_blocked, id=18296, stack(0x0000009f4e700000,0x0000009f4e800000)]
  0x0000022980b97000 JavaThread "Unconstrained build operations Thread 10" [_thread_blocked, id=36708, stack(0x0000009f4e800000,0x0000009f4e900000)]
  0x0000022980b99800 JavaThread "Unconstrained build operations Thread 11" [_thread_blocked, id=30684, stack(0x0000009f4e900000,0x0000009f4ea00000)]
  0x0000022980b98000 JavaThread "Unconstrained build operations Thread 12" [_thread_blocked, id=36656, stack(0x0000009f4ea00000,0x0000009f4eb00000)]
  0x0000022980b9a800 JavaThread "Unconstrained build operations Thread 13" [_thread_blocked, id=20772, stack(0x0000009f4eb00000,0x0000009f4ec00000)]
  0x0000022980b9b000 JavaThread "Unconstrained build operations Thread 14" [_thread_blocked, id=24444, stack(0x0000009f4ec00000,0x0000009f4ed00000)]
  0x0000022980b99000 JavaThread "Unconstrained build operations Thread 15" [_thread_in_native, id=26080, stack(0x0000009f4ed00000,0x0000009f4ee00000)]
  0x0000022980b9c000 JavaThread "Unconstrained build operations Thread 16" [_thread_blocked, id=1360, stack(0x0000009f4ee00000,0x0000009f4ef00000)]
  0x0000022981f28000 JavaThread "Unconstrained build operations Thread 17" [_thread_blocked, id=28412, stack(0x0000009f4ef00000,0x0000009f4f000000)]
  0x0000022981f2a800 JavaThread "Unconstrained build operations Thread 18" [_thread_blocked, id=436, stack(0x0000009f4f000000,0x0000009f4f100000)]
  0x0000022981f29800 JavaThread "Unconstrained build operations Thread 19" [_thread_blocked, id=14004, stack(0x0000009f4f100000,0x0000009f4f200000)]
  0x0000022981f2f000 JavaThread "Unconstrained build operations Thread 20" [_thread_blocked, id=17792, stack(0x0000009f4f200000,0x0000009f4f300000)]
  0x0000022981f2d000 JavaThread "Unconstrained build operations Thread 21" [_thread_blocked, id=32736, stack(0x0000009f4f300000,0x0000009f4f400000)]
  0x0000022981f2c000 JavaThread "Unconstrained build operations Thread 22" [_thread_blocked, id=10072, stack(0x0000009f4f400000,0x0000009f4f500000)]
  0x0000022981f2b000 JavaThread "Unconstrained build operations Thread 23" [_thread_blocked, id=24384, stack(0x0000009f4f500000,0x0000009f4f600000)]
  0x0000022981f30000 JavaThread "Unconstrained build operations Thread 24" [_thread_in_native, id=32416, stack(0x0000009f4f600000,0x0000009f4f700000)]
  0x0000022981f2d800 JavaThread "Unconstrained build operations Thread 25" [_thread_blocked, id=18060, stack(0x0000009f4f700000,0x0000009f4f800000)]
  0x0000022981f33800 JavaThread "Unconstrained build operations Thread 26" [_thread_blocked, id=8580, stack(0x0000009f4f800000,0x0000009f4f900000)]
  0x0000022981f31800 JavaThread "Unconstrained build operations Thread 27" [_thread_blocked, id=33984, stack(0x0000009f4f900000,0x0000009f4fa00000)]
  0x0000022981f32800 JavaThread "Unconstrained build operations Thread 28" [_thread_blocked, id=16792, stack(0x0000009f4fa00000,0x0000009f4fb00000)]
  0x0000022981f31000 JavaThread "Unconstrained build operations Thread 29" [_thread_in_native, id=6288, stack(0x0000009f4fb00000,0x0000009f4fc00000)]
  0x0000022981f34000 JavaThread "Unconstrained build operations Thread 30" [_thread_blocked, id=33876, stack(0x0000009f4fc00000,0x0000009f4fd00000)]
  0x0000022981f2e800 JavaThread "Unconstrained build operations Thread 31" [_thread_blocked, id=36136, stack(0x0000009f4fd00000,0x0000009f4fe00000)]
  0x0000022981f35000 JavaThread "Unconstrained build operations Thread 32" [_thread_blocked, id=14096, stack(0x0000009f4fe00000,0x0000009f4ff00000)]
  0x0000022981f36000 JavaThread "Unconstrained build operations Thread 33" [_thread_blocked, id=16472, stack(0x0000009f4ff00000,0x0000009f50000000)]
  0x0000022981f36800 JavaThread "Unconstrained build operations Thread 34" [_thread_blocked, id=3456, stack(0x0000009f50000000,0x0000009f50100000)]
  0x000002298216d000 JavaThread "Unconstrained build operations Thread 35" [_thread_blocked, id=13408, stack(0x0000009f50100000,0x0000009f50200000)]
  0x0000022982168800 JavaThread "Unconstrained build operations Thread 36" [_thread_blocked, id=31736, stack(0x0000009f50200000,0x0000009f50300000)]
  0x000002298216a800 JavaThread "Unconstrained build operations Thread 37" [_thread_blocked, id=6740, stack(0x0000009f50300000,0x0000009f50400000)]
  0x000002298216c000 JavaThread "Unconstrained build operations Thread 38" [_thread_in_Java, id=30192, stack(0x0000009f50400000,0x0000009f50500000)]
  0x0000022982169800 JavaThread "Unconstrained build operations Thread 39" [_thread_blocked, id=31712, stack(0x0000009f50500000,0x0000009f50600000)]
  0x000002298216b000 JavaThread "Unconstrained build operations Thread 40" [_thread_blocked, id=20392, stack(0x0000009f50600000,0x0000009f50700000)]
  0x000002298216d800 JavaThread "Unconstrained build operations Thread 41" [_thread_blocked, id=14724, stack(0x0000009f50700000,0x0000009f50800000)]
  0x0000022982168000 JavaThread "Unconstrained build operations Thread 42" [_thread_blocked, id=9836, stack(0x0000009f50800000,0x0000009f50900000)]
  0x0000022982173800 JavaThread "Unconstrained build operations Thread 43" [_thread_blocked, id=24892, stack(0x0000009f50900000,0x0000009f50a00000)]
  0x0000022982174000 JavaThread "Unconstrained build operations Thread 44" [_thread_blocked, id=14244, stack(0x0000009f50a00000,0x0000009f50b00000)]
  0x000002298216f800 JavaThread "Unconstrained build operations Thread 45" [_thread_blocked, id=692, stack(0x0000009f50b00000,0x0000009f50c00000)]
  0x0000022982170000 JavaThread "Unconstrained build operations Thread 46" [_thread_blocked, id=8796, stack(0x0000009f50c00000,0x0000009f50d00000)]
  0x0000022982175000 JavaThread "Unconstrained build operations Thread 47" [_thread_blocked, id=9032, stack(0x0000009f50d00000,0x0000009f50e00000)]
  0x0000022982176000 JavaThread "Unconstrained build operations Thread 48" [_thread_blocked, id=22984, stack(0x0000009f50e00000,0x0000009f50f00000)]
  0x0000022982176800 JavaThread "Unconstrained build operations Thread 49" [_thread_blocked, id=6132, stack(0x0000009f50f00000,0x0000009f51000000)]
  0x0000022982171000 JavaThread "Unconstrained build operations Thread 50" [_thread_blocked, id=34396, stack(0x0000009f51000000,0x0000009f51100000)]
  0x0000022982171800 JavaThread "Unconstrained build operations Thread 51" [_thread_blocked, id=28932, stack(0x0000009f51100000,0x0000009f51200000)]
  0x0000022982172800 JavaThread "Unconstrained build operations Thread 52" [_thread_blocked, id=19860, stack(0x0000009f51200000,0x0000009f51300000)]
  0x00000229fe9b8000 JavaThread "Unconstrained build operations Thread 53" [_thread_blocked, id=33536, stack(0x0000009f51300000,0x0000009f51400000)]
  0x00000229fe9bc000 JavaThread "Unconstrained build operations Thread 54" [_thread_in_native, id=3844, stack(0x0000009f51400000,0x0000009f51500000)]
  0x00000229fe9b7800 JavaThread "Unconstrained build operations Thread 55" [_thread_blocked, id=2496, stack(0x0000009f51500000,0x0000009f51600000)]
  0x00000229fe9bb800 JavaThread "Unconstrained build operations Thread 56" [_thread_blocked, id=2376, stack(0x0000009f51600000,0x0000009f51700000)]
  0x00000229fe9b6800 JavaThread "Unconstrained build operations Thread 57" [_thread_blocked, id=14680, stack(0x0000009f51700000,0x0000009f51800000)]
  0x00000229fe9b9000 JavaThread "Unconstrained build operations Thread 58" [_thread_blocked, id=14428, stack(0x0000009f51800000,0x0000009f51900000)]
  0x00000229fe9bd000 JavaThread "Unconstrained build operations Thread 59" [_thread_blocked, id=32136, stack(0x0000009f51900000,0x0000009f51a00000)]
  0x00000229fe9b9800 JavaThread "Unconstrained build operations Thread 60" [_thread_blocked, id=8020, stack(0x0000009f51a00000,0x0000009f51b00000)]
  0x00000229fe9c0800 JavaThread "Unconstrained build operations Thread 61" [_thread_blocked, id=15812, stack(0x0000009f51b00000,0x0000009f51c00000)]
  0x00000229fe9be000 JavaThread "Unconstrained build operations Thread 62" [_thread_blocked, id=29236, stack(0x0000009f51c00000,0x0000009f51d00000)]
  0x00000229fe9ba800 JavaThread "Unconstrained build operations Thread 63" [_thread_blocked, id=36300, stack(0x0000009f51d00000,0x0000009f51e00000)]
  0x00000229fe9c1000 JavaThread "Unconstrained build operations Thread 64" [_thread_blocked, id=32060, stack(0x0000009f51e00000,0x0000009f51f00000)]
  0x00000229fe9c2000 JavaThread "Unconstrained build operations Thread 65" [_thread_blocked, id=13276, stack(0x0000009f51f00000,0x0000009f52000000)]
  0x00000229fe9be800 JavaThread "Unconstrained build operations Thread 66" [_thread_blocked, id=9248, stack(0x0000009f52000000,0x0000009f52100000)]
  0x00000229fe9c4800 JavaThread "Unconstrained build operations Thread 67" [_thread_blocked, id=36588, stack(0x0000009f52100000,0x0000009f52200000)]
  0x00000229fe9c2800 JavaThread "Unconstrained build operations Thread 68" [_thread_blocked, id=23740, stack(0x0000009f52200000,0x0000009f52300000)]
  0x000002298615c000 JavaThread "Unconstrained build operations Thread 69" [_thread_blocked, id=26900, stack(0x0000009f52300000,0x0000009f52400000)]
  0x0000022986159000 JavaThread "Unconstrained build operations Thread 70" [_thread_blocked, id=23540, stack(0x0000009f52400000,0x0000009f52500000)]
  0x0000022986157800 JavaThread "Unconstrained build operations Thread 71" [_thread_blocked, id=28036, stack(0x0000009f52500000,0x0000009f52600000)]
  0x0000022986158000 JavaThread "Unconstrained build operations Thread 72" [_thread_blocked, id=15976, stack(0x0000009f52600000,0x0000009f52700000)]
  0x000002298615d000 JavaThread "Unconstrained build operations Thread 73" [_thread_blocked, id=35584, stack(0x0000009f52700000,0x0000009f52800000)]
  0x000002298615e800 JavaThread "Unconstrained build operations Thread 74" [_thread_in_native, id=34932, stack(0x0000009f52800000,0x0000009f52900000)]
  0x000002298615a800 JavaThread "Unconstrained build operations Thread 75" [_thread_blocked, id=7040, stack(0x0000009f52900000,0x0000009f52a00000)]
  0x000002298615f800 JavaThread "Unconstrained build operations Thread 76" [_thread_blocked, id=33272, stack(0x0000009f52a00000,0x0000009f52b00000)]
  0x0000022986159800 JavaThread "Unconstrained build operations Thread 77" [_thread_blocked, id=23756, stack(0x0000009f52b00000,0x0000009f52c00000)]
  0x0000022986166000 JavaThread "Unconstrained build operations Thread 78" [_thread_blocked, id=33464, stack(0x0000009f52c00000,0x0000009f52d00000)]
  0x0000022986164800 JavaThread "Unconstrained build operations Thread 79" [_thread_blocked, id=33156, stack(0x0000009f52d00000,0x0000009f52e00000)]
  0x0000022986163800 JavaThread "Unconstrained build operations Thread 80" [_thread_blocked, id=23752, stack(0x0000009f52e00000,0x0000009f52f00000)]
  0x00000229826c8000 JavaThread "Cache worker for execution history cache (C:\Users\kches\AndroidStudioProjects\ecommerce-site\.gradle\7.3.3\executionHistory)" [_thread_blocked, id=32112, stack(0x0000009f53800000,0x0000009f53900000)]

Other Threads:
  0x00000229fb6aa800 VMThread "VM Thread" [stack: 0x0000009f4af00000,0x0000009f4b000000] [id=36372]
  0x00000229fc1c3000 WatcherThread [stack: 0x0000009f4b900000,0x0000009f4ba00000] [id=34268]
  0x00000229e1212000 GCTaskThread "GC Thread#0" [stack: 0x0000009f4aa00000,0x0000009f4ab00000] [id=32500]
  0x00000229fc2cb000 GCTaskThread "GC Thread#1" [stack: 0x0000009f4ba00000,0x0000009f4bb00000] [id=17556]
  0x00000229fcef3000 GCTaskThread "GC Thread#2" [stack: 0x0000009f4c500000,0x0000009f4c600000] [id=28568]
  0x00000229fd415800 GCTaskThread "GC Thread#3" [stack: 0x0000009f4c600000,0x0000009f4c700000] [id=16772]
  0x00000229fc2db000 GCTaskThread "GC Thread#4" [stack: 0x0000009f4c700000,0x0000009f4c800000] [id=14836]
  0x00000229fcaef800 GCTaskThread "GC Thread#5" [stack: 0x0000009f4c800000,0x0000009f4c900000] [id=31304]
  0x00000229fcaf0000 GCTaskThread "GC Thread#6" [stack: 0x0000009f4c900000,0x0000009f4ca00000] [id=4544]
  0x00000229fc3b0000 GCTaskThread "GC Thread#7" [stack: 0x0000009f4ca00000,0x0000009f4cb00000] [id=18916]
  0x00000229e1243800 ConcurrentGCThread "G1 Main Marker" [stack: 0x0000009f4ab00000,0x0000009f4ac00000] [id=17952]
  0x00000229e1245000 ConcurrentGCThread "G1 Conc#0" [stack: 0x0000009f4ac00000,0x0000009f4ad00000] [id=27352]
  0x00000229fdae3800 ConcurrentGCThread "G1 Conc#1" [stack: 0x0000009f4ce00000,0x0000009f4cf00000] [id=36600]
  0x00000229fb501000 ConcurrentGCThread "G1 Refine#0" [stack: 0x0000009f4ad00000,0x0000009f4ae00000] [id=35204]
  0x00000229fb501800 ConcurrentGCThread "G1 Young RemSet Sampling" [stack: 0x0000009f4ae00000,0x0000009f4af00000] [id=32312]

Threads with active compile tasks:
C2 CompilerThread02111578 21491       4       com.android.builder.symbols.BytecodeRClassWriterKt::generateResourceTypeClass (725 bytes)

VM state:not at safepoint (normal execution)

VM Mutex/Monitor currently owned by a thread: None

Heap address: 0x0000000080000000, size: 2048 MB, Compressed Oops mode: 32-bit
Narrow klass base: 0x0000000000000000, Narrow klass shift: 3
Compressed class space size: 1073741824 Address: 0x0000000100000000

Heap:
 garbage-first heap   total 264192K, used 202711K [0x0000000080000000, 0x0000000100000000)
  region size 1024K, 18 young (18432K), 2 survivors (2048K)
 Metaspace       used 138598K, capacity 142429K, committed 142544K, reserved 1173504K
  class space    used 17481K, capacity 18771K, committed 18816K, reserved 1048576K
Heap Regions: E=young(eden), S=young(survivor), O=old, HS=humongous(starts), HC=humongous(continues), CS=collection set, F=free, A=archive, TAMS=top-at-mark-start (previous, next)
|   0|0x0000000080000000, 0x0000000080100000, 0x0000000080100000|100%| O|  |TAMS 0x0000000080100000, 0x0000000080000000| Untracked 
|   1|0x0000000080100000, 0x0000000080200000, 0x0000000080200000|100%| O|  |TAMS 0x0000000080200000, 0x0000000080100000| Untracked 
|   2|0x0000000080200000, 0x0000000080300000, 0x0000000080300000|100%| O|  |TAMS 0x0000000080300000, 0x0000000080200000| Untracked 
|   3|0x0000000080300000, 0x0000000080400000, 0x0000000080400000|100%|HS|  |TAMS 0x0000000080400000, 0x0000000080300000| Complete 
|   4|0x0000000080400000, 0x0000000080500000, 0x0000000080500000|100%|HC|  |TAMS 0x0000000080500000, 0x0000000080400000| Complete 
|   5|0x0000000080500000, 0x0000000080600000, 0x0000000080600000|100%|HC|  |TAMS 0x0000000080600000, 0x0000000080500000| Complete 
|   6|0x0000000080600000, 0x0000000080700000, 0x0000000080700000|100%| O|  |TAMS 0x0000000080700000, 0x0000000080600000| Untracked 
|   7|0x0000000080700000, 0x0000000080800000, 0x0000000080800000|100%| O|  |TAMS 0x0000000080800000, 0x0000000080700000| Untracked 
|   8|0x0000000080800000, 0x0000000080900000, 0x0000000080900000|100%| O|  |TAMS 0x0000000080900000, 0x0000000080800000| Untracked 
|   9|0x0000000080900000, 0x0000000080a00000, 0x0000000080a00000|100%| O|  |TAMS 0x0000000080a00000, 0x0000000080900000| Untracked 
|  10|0x0000000080a00000, 0x0000000080b00000, 0x0000000080b00000|100%| O|  |TAMS 0x0000000080b00000, 0x0000000080a00000| Untracked 
|  11|0x0000000080b00000, 0x0000000080c00000, 0x0000000080c00000|100%| O|  |TAMS 0x0000000080c00000, 0x0000000080b00000| Untracked 
|  12|0x0000000080c00000, 0x0000000080d00000, 0x0000000080d00000|100%| O|  |TAMS 0x0000000080d00000, 0x0000000080c00000| Untracked 
|  13|0x0000000080d00000, 0x0000000080e00000, 0x0000000080e00000|100%| O|  |TAMS 0x0000000080e00000, 0x0000000080d00000| Untracked 
|  14|0x0000000080e00000, 0x0000000080f00000, 0x0000000080f00000|100%| O|  |TAMS 0x0000000080f00000, 0x0000000080e00000| Untracked 
|  15|0x0000000080f00000, 0x0000000081000000, 0x0000000081000000|100%| O|  |TAMS 0x0000000081000000, 0x0000000080f00000| Untracked 
|  16|0x0000000081000000, 0x0000000081100000, 0x0000000081100000|100%| O|  |TAMS 0x0000000081100000, 0x0000000081000000| Untracked 
|  17|0x0000000081100000, 0x0000000081200000, 0x0000000081200000|100%| O|  |TAMS 0x0000000081200000, 0x0000000081100000| Untracked 
|  18|0x0000000081200000, 0x0000000081300000, 0x0000000081300000|100%| O|  |TAMS 0x0000000081300000, 0x0000000081200000| Untracked 
|  19|0x0000000081300000, 0x0000000081400000, 0x0000000081400000|100%| O|  |TAMS 0x0000000081400000, 0x0000000081300000| Untracked 
|  20|0x0000000081400000, 0x0000000081500000, 0x0000000081500000|100%| O|  |TAMS 0x0000000081500000, 0x0000000081400000| Untracked 
|  21|0x0000000081500000, 0x0000000081600000, 0x0000000081600000|100%| O|  |TAMS 0x0000000081600000, 0x0000000081500000| Untracked 
|  22|0x0000000081600000, 0x0000000081700000, 0x0000000081700000|100%| O|  |TAMS 0x0000000081700000, 0x0000000081600000| Untracked 
|  23|0x0000000081700000, 0x0000000081800000, 0x0000000081800000|100%| O|  |TAMS 0x0000000081800000, 0x0000000081700000| Untracked 
|  24|0x0000000081800000, 0x0000000081900000, 0x0000000081900000|100%| O|  |TAMS 0x0000000081900000, 0x0000000081800000| Untracked 
|  25|0x0000000081900000, 0x0000000081a00000, 0x0000000081a00000|100%| O|  |TAMS 0x0000000081a00000, 0x0000000081900000| Untracked 
|  26|0x0000000081a00000, 0x0000000081b00000, 0x0000000081b00000|100%| O|  |TAMS 0x0000000081b00000, 0x0000000081a00000| Untracked 
|  27|0x0000000081b00000, 0x0000000081c00000, 0x0000000081c00000|100%| O|  |TAMS 0x0000000081c00000, 0x0000000081b00000| Untracked 
|  28|0x0000000081c00000, 0x0000000081d00000, 0x0000000081d00000|100%| O|  |TAMS 0x0000000081d00000, 0x0000000081c00000| Untracked 
|  29|0x0000000081d00000, 0x0000000081e00000, 0x0000000081e00000|100%| O|  |TAMS 0x0000000081e00000, 0x0000000081d00000| Untracked 
|  30|0x0000000081e00000, 0x0000000081f00000, 0x0000000081f00000|100%| O|  |TAMS 0x0000000081f00000, 0x0000000081e00000| Untracked 
|  31|0x0000000081f00000, 0x0000000082000000, 0x0000000082000000|100%| O|  |TAMS 0x0000000082000000, 0x0000000081f00000| Untracked 
|  32|0x0000000082000000, 0x0000000082100000, 0x0000000082100000|100%| O|  |TAMS 0x0000000082100000, 0x0000000082000000| Untracked 
|  33|0x0000000082100000, 0x0000000082200000, 0x0000000082200000|100%|HS|  |TAMS 0x0000000082200000, 0x0000000082100000| Complete 
|  34|0x0000000082200000, 0x0000000082300000, 0x0000000082300000|100%|HS|  |TAMS 0x0000000082300000, 0x0000000082200000| Complete 
|  35|0x0000000082300000, 0x0000000082400000, 0x0000000082400000|100%|HS|  |TAMS 0x0000000082400000, 0x0000000082300000| Complete 
|  36|0x0000000082400000, 0x0000000082500000, 0x0000000082500000|100%|HC|  |TAMS 0x0000000082500000, 0x0000000082400000| Complete 
|  37|0x0000000082500000, 0x0000000082600000, 0x0000000082600000|100%| O|  |TAMS 0x0000000082600000, 0x0000000082500000| Untracked 
|  38|0x0000000082600000, 0x0000000082700000, 0x0000000082700000|100%| O|  |TAMS 0x0000000082700000, 0x0000000082600000| Untracked 
|  39|0x0000000082700000, 0x0000000082800000, 0x0000000082800000|100%| O|  |TAMS 0x0000000082800000, 0x0000000082700000| Untracked 
|  40|0x0000000082800000, 0x0000000082900000, 0x0000000082900000|100%| O|  |TAMS 0x0000000082900000, 0x0000000082800000| Untracked 
|  41|0x0000000082900000, 0x0000000082a00000, 0x0000000082a00000|100%| O|  |TAMS 0x0000000082a00000, 0x0000000082900000| Untracked 
|  42|0x0000000082a00000, 0x0000000082b00000, 0x0000000082b00000|100%| O|  |TAMS 0x0000000082b00000, 0x0000000082a00000| Untracked 
|  43|0x0000000082b00000, 0x0000000082c00000, 0x0000000082c00000|100%| O|  |TAMS 0x0000000082c00000, 0x0000000082b00000| Untracked 
|  44|0x0000000082c00000, 0x0000000082d00000, 0x0000000082d00000|100%| O|  |TAMS 0x0000000082d00000, 0x0000000082c00000| Untracked 
|  45|0x0000000082d00000, 0x0000000082d00000, 0x0000000082e00000|  0%| F|  |TAMS 0x0000000082d00000, 0x0000000082d00000| Untracked 
|  46|0x0000000082e00000, 0x0000000082f00000, 0x0000000082f00000|100%| O|  |TAMS 0x0000000082f00000, 0x0000000082e00000| Untracked 
|  47|0x0000000082f00000, 0x0000000082f00000, 0x0000000083000000|  0%| F|  |TAMS 0x0000000082f00000, 0x0000000082f00000| Untracked 
|  48|0x0000000083000000, 0x0000000083000000, 0x0000000083100000|  0%| F|  |TAMS 0x0000000083000000, 0x0000000083000000| Untracked 
|  49|0x0000000083100000, 0x0000000083100000, 0x0000000083200000|  0%| F|  |TAMS 0x0000000083100000, 0x0000000083100000| Untracked 
|  50|0x0000000083200000, 0x0000000083300000, 0x0000000083300000|100%| O|  |TAMS 0x0000000083300000, 0x0000000083200000| Untracked 
|  51|0x0000000083300000, 0x0000000083400000, 0x0000000083400000|100%| O|  |TAMS 0x0000000083400000, 0x0000000083300000| Untracked 
|  52|0x0000000083400000, 0x0000000083400000, 0x0000000083500000|  0%| F|  |TAMS 0x0000000083400000, 0x0000000083400000| Untracked 
|  53|0x0000000083500000, 0x0000000083600000, 0x0000000083600000|100%| O|  |TAMS 0x0000000083600000, 0x0000000083500000| Untracked 
|  54|0x0000000083600000, 0x0000000083700000, 0x0000000083700000|100%| O|  |TAMS 0x0000000083700000, 0x0000000083600000| Untracked 
|  55|0x0000000083700000, 0x0000000083800000, 0x0000000083800000|100%| O|  |TAMS 0x0000000083800000, 0x0000000083700000| Untracked 
|  56|0x0000000083800000, 0x0000000083900000, 0x0000000083900000|100%| O|  |TAMS 0x0000000083900000, 0x0000000083800000| Untracked 
|  57|0x0000000083900000, 0x0000000083a00000, 0x0000000083a00000|100%| O|  |TAMS 0x0000000083a00000, 0x0000000083900000| Untracked 
|  58|0x0000000083a00000, 0x0000000083b00000, 0x0000000083b00000|100%| O|  |TAMS 0x0000000083b00000, 0x0000000083a00000| Untracked 
|  59|0x0000000083b00000, 0x0000000083c00000, 0x0000000083c00000|100%| O|  |TAMS 0x0000000083b00000, 0x0000000083b00000| Untracked 
|  60|0x0000000083c00000, 0x0000000083c00000, 0x0000000083d00000|  0%| F|  |TAMS 0x0000000083c00000, 0x0000000083c00000| Untracked 
|  61|0x0000000083d00000, 0x0000000083e00000, 0x0000000083e00000|100%| O|  |TAMS 0x0000000083e00000, 0x0000000083d00000| Untracked 
|  62|0x0000000083e00000, 0x0000000083f00000, 0x0000000083f00000|100%| O|  |TAMS 0x0000000083f00000, 0x0000000083e00000| Untracked 
|  63|0x0000000083f00000, 0x0000000084000000, 0x0000000084000000|100%| O|  |TAMS 0x0000000084000000, 0x0000000083f00000| Untracked 
|  64|0x0000000084000000, 0x0000000084100000, 0x0000000084100000|100%| O|  |TAMS 0x0000000084100000, 0x0000000084000000| Untracked 
|  65|0x0000000084100000, 0x0000000084200000, 0x0000000084200000|100%|HS|  |TAMS 0x0000000084200000, 0x0000000084100000| Complete 
|  66|0x0000000084200000, 0x0000000084300000, 0x0000000084300000|100%|HS|  |TAMS 0x0000000084300000, 0x0000000084200000| Complete 
|  67|0x0000000084300000, 0x0000000084400000, 0x0000000084400000|100%|HC|  |TAMS 0x0000000084400000, 0x0000000084300000| Complete 
|  68|0x0000000084400000, 0x0000000084500000, 0x0000000084500000|100%|HS|  |TAMS 0x0000000084500000, 0x0000000084400000| Complete 
|  69|0x0000000084500000, 0x0000000084600000, 0x0000000084600000|100%|HC|  |TAMS 0x0000000084600000, 0x0000000084500000| Complete 
|  70|0x0000000084600000, 0x0000000084700000, 0x0000000084700000|100%|HC|  |TAMS 0x0000000084700000, 0x0000000084600000| Complete 
|  71|0x0000000084700000, 0x0000000084800000, 0x0000000084800000|100%|HS|  |TAMS 0x0000000084800000, 0x0000000084700000| Complete 
|  72|0x0000000084800000, 0x0000000084900000, 0x0000000084900000|100%|HC|  |TAMS 0x0000000084900000, 0x0000000084800000| Complete 
|  73|0x0000000084900000, 0x0000000084a00000, 0x0000000084a00000|100%|HC|  |TAMS 0x0000000084a00000, 0x0000000084900000| Complete 
|  74|0x0000000084a00000, 0x0000000084b00000, 0x0000000084b00000|100%| O|  |TAMS 0x0000000084b00000, 0x0000000084a00000| Untracked 
|  75|0x0000000084b00000, 0x0000000084c00000, 0x0000000084c00000|100%|HS|  |TAMS 0x0000000084c00000, 0x0000000084b00000| Complete 
|  76|0x0000000084c00000, 0x0000000084d00000, 0x0000000084d00000|100%|HC|  |TAMS 0x0000000084d00000, 0x0000000084c00000| Complete 
|  77|0x0000000084d00000, 0x0000000084e00000, 0x0000000084e00000|100%|HC|  |TAMS 0x0000000084e00000, 0x0000000084d00000| Complete 
|  78|0x0000000084e00000, 0x0000000084f00000, 0x0000000084f00000|100%|HC|  |TAMS 0x0000000084f00000, 0x0000000084e00000| Complete 
|  79|0x0000000084f00000, 0x0000000085000000, 0x0000000085000000|100%|HS|  |TAMS 0x0000000085000000, 0x0000000084f00000| Complete 
|  80|0x0000000085000000, 0x0000000085100000, 0x0000000085100000|100%|HC|  |TAMS 0x0000000085100000, 0x0000000085000000| Complete 
|  81|0x0000000085100000, 0x0000000085200000, 0x0000000085200000|100%|HC|  |TAMS 0x0000000085200000, 0x0000000085100000| Complete 
|  82|0x0000000085200000, 0x0000000085300000, 0x0000000085300000|100%|HC|  |TAMS 0x0000000085300000, 0x0000000085200000| Complete 
|  83|0x0000000085300000, 0x0000000085400000, 0x0000000085400000|100%|HC|  |TAMS 0x0000000085400000, 0x0000000085300000| Complete 
|  84|0x0000000085400000, 0x0000000085500000, 0x0000000085500000|100%|HS|  |TAMS 0x0000000085500000, 0x0000000085400000| Complete 
|  85|0x0000000085500000, 0x0000000085600000, 0x0000000085600000|100%| O|  |TAMS 0x0000000085600000, 0x0000000085500000| Untracked 
|  86|0x0000000085600000, 0x0000000085700000, 0x0000000085700000|100%| O|  |TAMS 0x0000000085700000, 0x0000000085600000| Untracked 
|  87|0x0000000085700000, 0x0000000085800000, 0x0000000085800000|100%| O|  |TAMS 0x0000000085800000, 0x0000000085700000| Untracked 
|  88|0x0000000085800000, 0x0000000085900000, 0x0000000085900000|100%|HS|  |TAMS 0x0000000085900000, 0x0000000085800000| Complete 
|  89|0x0000000085900000, 0x0000000085a00000, 0x0000000085a00000|100%|HC|  |TAMS 0x0000000085a00000, 0x0000000085900000| Complete 
|  90|0x0000000085a00000, 0x0000000085b00000, 0x0000000085b00000|100%|HC|  |TAMS 0x0000000085b00000, 0x0000000085a00000| Complete 
|  91|0x0000000085b00000, 0x0000000085c00000, 0x0000000085c00000|100%|HC|  |TAMS 0x0000000085c00000, 0x0000000085b00000| Complete 
|  92|0x0000000085c00000, 0x0000000085d00000, 0x0000000085d00000|100%|HS|  |TAMS 0x0000000085d00000, 0x0000000085c00000| Complete 
|  93|0x0000000085d00000, 0x0000000085e00000, 0x0000000085e00000|100%|HC|  |TAMS 0x0000000085e00000, 0x0000000085d00000| Complete 
|  94|0x0000000085e00000, 0x0000000085f00000, 0x0000000085f00000|100%|HC|  |TAMS 0x0000000085f00000, 0x0000000085e00000| Complete 
|  95|0x0000000085f00000, 0x0000000086000000, 0x0000000086000000|100%|HS|  |TAMS 0x0000000086000000, 0x0000000085f00000| Complete 
|  96|0x0000000086000000, 0x0000000086100000, 0x0000000086100000|100%|HC|  |TAMS 0x0000000086100000, 0x0000000086000000| Complete 
|  97|0x0000000086100000, 0x0000000086200000, 0x0000000086200000|100%|HS|  |TAMS 0x0000000086200000, 0x0000000086100000| Complete 
|  98|0x0000000086200000, 0x0000000086300000, 0x0000000086300000|100%|HC|  |TAMS 0x0000000086300000, 0x0000000086200000| Complete 
|  99|0x0000000086300000, 0x0000000086400000, 0x0000000086400000|100%|HC|  |TAMS 0x0000000086400000, 0x0000000086300000| Complete 
| 100|0x0000000086400000, 0x0000000086500000, 0x0000000086500000|100%| O|  |TAMS 0x0000000086500000, 0x0000000086400000| Untracked 
| 101|0x0000000086500000, 0x0000000086600000, 0x0000000086600000|100%| O|  |TAMS 0x0000000086600000, 0x0000000086500000| Untracked 
| 102|0x0000000086600000, 0x0000000086700000, 0x0000000086700000|100%| O|  |TAMS 0x0000000086700000, 0x0000000086600000| Untracked 
| 103|0x0000000086700000, 0x0000000086700000, 0x0000000086800000|  0%| F|  |TAMS 0x0000000086700000, 0x0000000086700000| Untracked 
| 104|0x0000000086800000, 0x0000000086900000, 0x0000000086900000|100%| O|  |TAMS 0x0000000086900000, 0x0000000086800000| Untracked 
| 105|0x0000000086900000, 0x0000000086a00000, 0x0000000086a00000|100%| O|  |TAMS 0x0000000086a00000, 0x0000000086900000| Untracked 
| 106|0x0000000086a00000, 0x0000000086b00000, 0x0000000086b00000|100%| O|  |TAMS 0x0000000086b00000, 0x0000000086a00000| Untracked 
| 107|0x0000000086b00000, 0x0000000086c00000, 0x0000000086c00000|100%| O|  |TAMS 0x0000000086c00000, 0x0000000086b00000| Untracked 
| 108|0x0000000086c00000, 0x0000000086d00000, 0x0000000086d00000|100%|HS|  |TAMS 0x0000000086d00000, 0x0000000086c00000| Complete 
| 109|0x0000000086d00000, 0x0000000086e00000, 0x0000000086e00000|100%|HC|  |TAMS 0x0000000086e00000, 0x0000000086d00000| Complete 
| 110|0x0000000086e00000, 0x0000000086f00000, 0x0000000086f00000|100%|HC|  |TAMS 0x0000000086f00000, 0x0000000086e00000| Complete 
| 111|0x0000000086f00000, 0x0000000087000000, 0x0000000087000000|100%|HC|  |TAMS 0x0000000087000000, 0x0000000086f00000| Complete 
| 112|0x0000000087000000, 0x0000000087100000, 0x0000000087100000|100%|HC|  |TAMS 0x0000000087100000, 0x0000000087000000| Complete 
| 113|0x0000000087100000, 0x0000000087200000, 0x0000000087200000|100%|HS|  |TAMS 0x0000000087200000, 0x0000000087100000| Complete 
| 114|0x0000000087200000, 0x0000000087300000, 0x0000000087300000|100%|HC|  |TAMS 0x0000000087300000, 0x0000000087200000| Complete 
| 115|0x0000000087300000, 0x0000000087400000, 0x0000000087400000|100%|HS|  |TAMS 0x0000000087400000, 0x0000000087300000| Complete 
| 116|0x0000000087400000, 0x0000000087500000, 0x0000000087500000|100%|HC|  |TAMS 0x0000000087500000, 0x0000000087400000| Complete 
| 117|0x0000000087500000, 0x0000000087600000, 0x0000000087600000|100%|HC|  |TAMS 0x0000000087600000, 0x0000000087500000| Complete 
| 118|0x0000000087600000, 0x0000000087700000, 0x0000000087700000|100%|HS|  |TAMS 0x0000000087700000, 0x0000000087600000| Complete 
| 119|0x0000000087700000, 0x0000000087800000, 0x0000000087800000|100%|HC|  |TAMS 0x0000000087800000, 0x0000000087700000| Complete 
| 120|0x0000000087800000, 0x0000000087900000, 0x0000000087900000|100%|HC|  |TAMS 0x0000000087900000, 0x0000000087800000| Complete 
| 121|0x0000000087900000, 0x0000000087a00000, 0x0000000087a00000|100%|HS|  |TAMS 0x0000000087a00000, 0x0000000087900000| Complete 
| 122|0x0000000087a00000, 0x0000000087b00000, 0x0000000087b00000|100%|HC|  |TAMS 0x0000000087b00000, 0x0000000087a00000| Complete 
| 123|0x0000000087b00000, 0x0000000087c00000, 0x0000000087c00000|100%|HC|  |TAMS 0x0000000087c00000, 0x0000000087b00000| Complete 
| 124|0x0000000087c00000, 0x0000000087d00000, 0x0000000087d00000|100%|HC|  |TAMS 0x0000000087d00000, 0x0000000087c00000| Complete 
| 125|0x0000000087d00000, 0x0000000087e00000, 0x0000000087e00000|100%|HS|  |TAMS 0x0000000087e00000, 0x0000000087d00000| Complete 
| 126|0x0000000087e00000, 0x0000000087f00000, 0x0000000087f00000|100%|HC|  |TAMS 0x0000000087f00000, 0x0000000087e00000| Complete 
| 127|0x0000000087f00000, 0x0000000088000000, 0x0000000088000000|100%|HC|  |TAMS 0x0000000088000000, 0x0000000087f00000| Complete 
| 128|0x0000000088000000, 0x0000000088100000, 0x0000000088100000|100%|HC|  |TAMS 0x0000000088100000, 0x0000000088000000| Complete 
| 129|0x0000000088100000, 0x0000000088200000, 0x0000000088200000|100%|HC|  |TAMS 0x0000000088200000, 0x0000000088100000| Complete 
| 130|0x0000000088200000, 0x0000000088300000, 0x0000000088300000|100%| O|  |TAMS 0x0000000088300000, 0x0000000088200000| Untracked 
| 131|0x0000000088300000, 0x0000000088400000, 0x0000000088400000|100%| O|  |TAMS 0x0000000088400000, 0x0000000088300000| Untracked 
| 132|0x0000000088400000, 0x0000000088500000, 0x0000000088500000|100%|HS|  |TAMS 0x0000000088500000, 0x0000000088400000| Complete 
| 133|0x0000000088500000, 0x0000000088600000, 0x0000000088600000|100%| O|  |TAMS 0x0000000088600000, 0x0000000088500000| Untracked 
| 134|0x0000000088600000, 0x0000000088700000, 0x0000000088700000|100%| O|  |TAMS 0x0000000088700000, 0x0000000088600000| Untracked 
| 135|0x0000000088700000, 0x0000000088800000, 0x0000000088800000|100%| O|  |TAMS 0x0000000088800000, 0x0000000088700000| Untracked 
| 136|0x0000000088800000, 0x0000000088900000, 0x0000000088900000|100%| O|  |TAMS 0x0000000088900000, 0x0000000088800000| Untracked 
| 137|0x0000000088900000, 0x0000000088a00000, 0x0000000088a00000|100%| O|  |TAMS 0x0000000088a00000, 0x0000000088900000| Untracked 
| 138|0x0000000088a00000, 0x0000000088b00000, 0x0000000088b00000|100%| O|  |TAMS 0x0000000088b00000, 0x0000000088a00000| Untracked 
| 139|0x0000000088b00000, 0x0000000088c00000, 0x0000000088c00000|100%| O|  |TAMS 0x0000000088c00000, 0x0000000088b00000| Untracked 
| 140|0x0000000088c00000, 0x0000000088d00000, 0x0000000088d00000|100%| O|  |TAMS 0x0000000088d00000, 0x0000000088c00000| Untracked 
| 141|0x0000000088d00000, 0x0000000088e00000, 0x0000000088e00000|100%| O|  |TAMS 0x0000000088e00000, 0x0000000088d00000| Untracked 
| 142|0x0000000088e00000, 0x0000000088f00000, 0x0000000088f00000|100%| O|  |TAMS 0x0000000088f00000, 0x0000000088e00000| Untracked 
| 143|0x0000000088f00000, 0x0000000089000000, 0x0000000089000000|100%| O|  |TAMS 0x0000000089000000, 0x0000000088f00000| Untracked 
| 144|0x0000000089000000, 0x0000000089100000, 0x0000000089100000|100%| O|  |TAMS 0x0000000089100000, 0x0000000089000000| Untracked 
| 145|0x0000000089100000, 0x0000000089200000, 0x0000000089200000|100%| O|  |TAMS 0x0000000089200000, 0x0000000089100000| Untracked 
| 146|0x0000000089200000, 0x0000000089300000, 0x0000000089300000|100%| O|  |TAMS 0x0000000089300000, 0x0000000089200000| Untracked 
| 147|0x0000000089300000, 0x0000000089400000, 0x0000000089400000|100%| O|  |TAMS 0x0000000089400000, 0x0000000089300000| Untracked 
| 148|0x0000000089400000, 0x0000000089500000, 0x0000000089500000|100%| O|  |TAMS 0x0000000089500000, 0x0000000089400000| Untracked 
| 149|0x0000000089500000, 0x0000000089500000, 0x0000000089600000|  0%| F|  |TAMS 0x0000000089500000, 0x0000000089500000| Untracked 
| 150|0x0000000089600000, 0x0000000089700000, 0x0000000089700000|100%| O|  |TAMS 0x0000000089700000, 0x0000000089600000| Untracked 
| 151|0x0000000089700000, 0x0000000089800000, 0x0000000089800000|100%| O|  |TAMS 0x0000000089800000, 0x0000000089700000| Untracked 
| 152|0x0000000089800000, 0x0000000089900000, 0x0000000089900000|100%| O|  |TAMS 0x0000000089900000, 0x0000000089800000| Untracked 
| 153|0x0000000089900000, 0x0000000089a00000, 0x0000000089a00000|100%| O|  |TAMS 0x0000000089900000, 0x0000000089900000| Untracked 
| 154|0x0000000089a00000, 0x0000000089b00000, 0x0000000089b00000|100%| O|  |TAMS 0x0000000089b00000, 0x0000000089a00000| Untracked 
| 155|0x0000000089b00000, 0x0000000089c00000, 0x0000000089c00000|100%| O|  |TAMS 0x0000000089c00000, 0x0000000089b00000| Untracked 
| 156|0x0000000089c00000, 0x0000000089d00000, 0x0000000089d00000|100%| O|  |TAMS 0x0000000089d00000, 0x0000000089c00000| Untracked 
| 157|0x0000000089d00000, 0x0000000089e00000, 0x0000000089e00000|100%| O|  |TAMS 0x0000000089e00000, 0x0000000089d00000| Untracked 
| 158|0x0000000089e00000, 0x0000000089f00000, 0x0000000089f00000|100%| O|  |TAMS 0x0000000089f00000, 0x0000000089e00000| Untracked 
| 159|0x0000000089f00000, 0x000000008a000000, 0x000000008a000000|100%| O|  |TAMS 0x000000008a000000, 0x0000000089f00000| Untracked 
| 160|0x000000008a000000, 0x000000008a100000, 0x000000008a100000|100%| O|  |TAMS 0x000000008a100000, 0x000000008a000000| Untracked 
| 161|0x000000008a100000, 0x000000008a200000, 0x000000008a200000|100%|HS|  |TAMS 0x000000008a200000, 0x000000008a100000| Complete 
| 162|0x000000008a200000, 0x000000008a300000, 0x000000008a300000|100%|HC|  |TAMS 0x000000008a300000, 0x000000008a200000| Complete 
| 163|0x000000008a300000, 0x000000008a400000, 0x000000008a400000|100%|HC|  |TAMS 0x000000008a400000, 0x000000008a300000| Complete 
| 164|0x000000008a400000, 0x000000008a500000, 0x000000008a500000|100%| O|  |TAMS 0x000000008a500000, 0x000000008a400000| Untracked 
| 165|0x000000008a500000, 0x000000008a600000, 0x000000008a600000|100%| O|  |TAMS 0x000000008a600000, 0x000000008a500000| Untracked 
| 166|0x000000008a600000, 0x000000008a700000, 0x000000008a700000|100%| O|  |TAMS 0x000000008a700000, 0x000000008a600000| Untracked 
| 167|0x000000008a700000, 0x000000008a800000, 0x000000008a800000|100%| O|  |TAMS 0x000000008a800000, 0x000000008a700000| Untracked 
| 168|0x000000008a800000, 0x000000008a900000, 0x000000008a900000|100%| O|  |TAMS 0x000000008a900000, 0x000000008a800000| Untracked 
| 169|0x000000008a900000, 0x000000008aa00000, 0x000000008aa00000|100%| O|  |TAMS 0x000000008aa00000, 0x000000008a900000| Untracked 
| 170|0x000000008aa00000, 0x000000008ab00000, 0x000000008ab00000|100%| O|  |TAMS 0x000000008ab00000, 0x000000008aa00000| Untracked 
| 171|0x000000008ab00000, 0x000000008ac00000, 0x000000008ac00000|100%| O|  |TAMS 0x000000008ac00000, 0x000000008ab00000| Untracked 
| 172|0x000000008ac00000, 0x000000008ad00000, 0x000000008ad00000|100%| O|  |TAMS 0x000000008ad00000, 0x000000008ac00000| Untracked 
| 173|0x000000008ad00000, 0x000000008ad00000, 0x000000008ae00000|  0%| F|  |TAMS 0x000000008ad00000, 0x000000008ad00000| Untracked 
| 174|0x000000008ae00000, 0x000000008af00000, 0x000000008af00000|100%| O|  |TAMS 0x000000008af00000, 0x000000008ae00000| Untracked 
| 175|0x000000008af00000, 0x000000008b000000, 0x000000008b000000|100%| O|  |TAMS 0x000000008b000000, 0x000000008af00000| Untracked 
| 176|0x000000008b000000, 0x000000008b100000, 0x000000008b100000|100%| O|  |TAMS 0x000000008b100000, 0x000000008b000000| Untracked 
| 177|0x000000008b100000, 0x000000008b200000, 0x000000008b200000|100%| O|  |TAMS 0x000000008b200000, 0x000000008b100000| Untracked 
| 178|0x000000008b200000, 0x000000008b300000, 0x000000008b300000|100%| O|  |TAMS 0x000000008b300000, 0x000000008b200000| Untracked 
| 179|0x000000008b300000, 0x000000008b400000, 0x000000008b400000|100%| O|  |TAMS 0x000000008b400000, 0x000000008b300000| Untracked 
| 180|0x000000008b400000, 0x000000008b500000, 0x000000008b500000|100%| O|  |TAMS 0x000000008b400000, 0x000000008b400000| Untracked 
| 181|0x000000008b500000, 0x000000008b600000, 0x000000008b600000|100%| O|  |TAMS 0x000000008b500000, 0x000000008b500000| Untracked 
| 182|0x000000008b600000, 0x000000008b700000, 0x000000008b700000|100%| O|  |TAMS 0x000000008b700000, 0x000000008b600000| Untracked 
| 183|0x000000008b700000, 0x000000008b800000, 0x000000008b800000|100%| O|  |TAMS 0x000000008b700000, 0x000000008b700000| Untracked 
| 184|0x000000008b800000, 0x000000008b900000, 0x000000008b900000|100%| O|  |TAMS 0x000000008b900000, 0x000000008b800000| Untracked 
| 185|0x000000008b900000, 0x000000008ba00000, 0x000000008ba00000|100%| O|  |TAMS 0x000000008ba00000, 0x000000008b900000| Untracked 
| 186|0x000000008ba00000, 0x000000008bb00000, 0x000000008bb00000|100%| O|  |TAMS 0x000000008bb00000, 0x000000008ba00000| Untracked 
| 187|0x000000008bb00000, 0x000000008bc00000, 0x000000008bc00000|100%| O|  |TAMS 0x000000008bb77800, 0x000000008bb00000| Untracked 
| 188|0x000000008bc00000, 0x000000008bd00000, 0x000000008bd00000|100%| O|  |TAMS 0x000000008bc00000, 0x000000008bc00000| Untracked 
| 189|0x000000008bd00000, 0x000000008be00000, 0x000000008be00000|100%| O|  |TAMS 0x000000008bd00000, 0x000000008bd00000| Untracked 
| 190|0x000000008be00000, 0x000000008bf00000, 0x000000008bf00000|100%| O|  |TAMS 0x000000008be00000, 0x000000008be00000| Untracked 
| 191|0x000000008bf00000, 0x000000008bf8b000, 0x000000008c000000| 54%| O|  |TAMS 0x000000008bf00000, 0x000000008bf00000| Untracked 
| 192|0x000000008c000000, 0x000000008c000000, 0x000000008c100000|  0%| F|  |TAMS 0x000000008c000000, 0x000000008c000000| Untracked 
| 193|0x000000008c100000, 0x000000008c100000, 0x000000008c200000|  0%| F|  |TAMS 0x000000008c100000, 0x000000008c100000| Untracked 
| 194|0x000000008c200000, 0x000000008c200000, 0x000000008c300000|  0%| F|  |TAMS 0x000000008c200000, 0x000000008c200000| Untracked 
| 195|0x000000008c300000, 0x000000008c300000, 0x000000008c400000|  0%| F|  |TAMS 0x000000008c300000, 0x000000008c300000| Untracked 
| 196|0x000000008c400000, 0x000000008c400000, 0x000000008c500000|  0%| F|  |TAMS 0x000000008c400000, 0x000000008c400000| Untracked 
| 197|0x000000008c500000, 0x000000008c500000, 0x000000008c600000|  0%| F|  |TAMS 0x000000008c500000, 0x000000008c500000| Untracked 
| 198|0x000000008c600000, 0x000000008c600000, 0x000000008c700000|  0%| F|  |TAMS 0x000000008c600000, 0x000000008c600000| Untracked 
| 199|0x000000008c700000, 0x000000008c700000, 0x000000008c800000|  0%| F|  |TAMS 0x000000008c700000, 0x000000008c700000| Untracked 
| 200|0x000000008c800000, 0x000000008c800000, 0x000000008c900000|  0%| F|  |TAMS 0x000000008c800000, 0x000000008c800000| Untracked 
| 201|0x000000008c900000, 0x000000008c900000, 0x000000008ca00000|  0%| F|  |TAMS 0x000000008c900000, 0x000000008c900000| Untracked 
| 202|0x000000008ca00000, 0x000000008ca00000, 0x000000008cb00000|  0%| F|  |TAMS 0x000000008ca00000, 0x000000008ca00000| Untracked 
| 203|0x000000008cb00000, 0x000000008cb00000, 0x000000008cc00000|  0%| F|  |TAMS 0x000000008cb00000, 0x000000008cb00000| Untracked 
| 204|0x000000008cc00000, 0x000000008cc00000, 0x000000008cd00000|  0%| F|  |TAMS 0x000000008cc00000, 0x000000008cc00000| Untracked 
| 205|0x000000008cd00000, 0x000000008cd00000, 0x000000008ce00000|  0%| F|  |TAMS 0x000000008cd00000, 0x000000008cd00000| Untracked 
| 206|0x000000008ce00000, 0x000000008ce00000, 0x000000008cf00000|  0%| F|  |TAMS 0x000000008ce00000, 0x000000008ce00000| Untracked 
| 207|0x000000008cf00000, 0x000000008cf00000, 0x000000008d000000|  0%| F|  |TAMS 0x000000008cf00000, 0x000000008cf00000| Untracked 
| 208|0x000000008d000000, 0x000000008d000000, 0x000000008d100000|  0%| F|  |TAMS 0x000000008d000000, 0x000000008d000000| Untracked 
| 209|0x000000008d100000, 0x000000008d100000, 0x000000008d200000|  0%| F|  |TAMS 0x000000008d100000, 0x000000008d100000| Untracked 
| 210|0x000000008d200000, 0x000000008d200000, 0x000000008d300000|  0%| F|  |TAMS 0x000000008d200000, 0x000000008d200000| Untracked 
| 211|0x000000008d300000, 0x000000008d300000, 0x000000008d400000|  0%| F|  |TAMS 0x000000008d300000, 0x000000008d300000| Untracked 
| 212|0x000000008d400000, 0x000000008d400000, 0x000000008d500000|  0%| F|  |TAMS 0x000000008d400000, 0x000000008d400000| Untracked 
| 213|0x000000008d500000, 0x000000008d500000, 0x000000008d600000|  0%| F|  |TAMS 0x000000008d500000, 0x000000008d500000| Untracked 
| 214|0x000000008d600000, 0x000000008d66ac00, 0x000000008d700000| 41%| S|CS|TAMS 0x000000008d600000, 0x000000008d600000| Complete 
| 215|0x000000008d700000, 0x000000008d800000, 0x000000008d800000|100%| S|CS|TAMS 0x000000008d700000, 0x000000008d700000| Complete 
| 216|0x000000008d800000, 0x000000008d800000, 0x000000008d900000|  0%| F|  |TAMS 0x000000008d800000, 0x000000008d800000| Untracked 
| 217|0x000000008d900000, 0x000000008d900000, 0x000000008da00000|  0%| F|  |TAMS 0x000000008d900000, 0x000000008d900000| Untracked 
| 218|0x000000008da00000, 0x000000008da00000, 0x000000008db00000|  0%| F|  |TAMS 0x000000008da00000, 0x000000008da00000| Untracked 
| 219|0x000000008db00000, 0x000000008db00000, 0x000000008dc00000|  0%| F|  |TAMS 0x000000008db00000, 0x000000008db00000| Untracked 
| 220|0x000000008dc00000, 0x000000008dc00000, 0x000000008dd00000|  0%| F|  |TAMS 0x000000008dc00000, 0x000000008dc00000| Untracked 
| 221|0x000000008dd00000, 0x000000008dd00000, 0x000000008de00000|  0%| F|  |TAMS 0x000000008dd00000, 0x000000008dd00000| Untracked 
| 222|0x000000008de00000, 0x000000008de00000, 0x000000008df00000|  0%| F|  |TAMS 0x000000008de00000, 0x000000008de00000| Untracked 
| 223|0x000000008df00000, 0x000000008df00000, 0x000000008e000000|  0%| F|  |TAMS 0x000000008df00000, 0x000000008df00000| Untracked 
| 224|0x000000008e000000, 0x000000008e000000, 0x000000008e100000|  0%| F|  |TAMS 0x000000008e000000, 0x000000008e000000| Untracked 
| 225|0x000000008e100000, 0x000000008e100000, 0x000000008e200000|  0%| F|  |TAMS 0x000000008e100000, 0x000000008e100000| Untracked 
| 226|0x000000008e200000, 0x000000008e200000, 0x000000008e300000|  0%| F|  |TAMS 0x000000008e200000, 0x000000008e200000| Untracked 
| 227|0x000000008e300000, 0x000000008e300000, 0x000000008e400000|  0%| F|  |TAMS 0x000000008e300000, 0x000000008e300000| Untracked 
| 228|0x000000008e400000, 0x000000008e400000, 0x000000008e500000|  0%| F|  |TAMS 0x000000008e400000, 0x000000008e400000| Untracked 
| 229|0x000000008e500000, 0x000000008e500000, 0x000000008e600000|  0%| F|  |TAMS 0x000000008e500000, 0x000000008e500000| Untracked 
| 230|0x000000008e600000, 0x000000008e600000, 0x000000008e700000|  0%| F|  |TAMS 0x000000008e600000, 0x000000008e600000| Untracked 
| 231|0x000000008e700000, 0x000000008e700000, 0x000000008e800000|  0%| F|  |TAMS 0x000000008e700000, 0x000000008e700000| Untracked 
| 232|0x000000008e800000, 0x000000008e800000, 0x000000008e900000|  0%| F|  |TAMS 0x000000008e800000, 0x000000008e800000| Untracked 
| 233|0x000000008e900000, 0x000000008e900000, 0x000000008ea00000|  0%| F|  |TAMS 0x000000008e900000, 0x000000008e900000| Untracked 
| 234|0x000000008ea00000, 0x000000008ea00000, 0x000000008eb00000|  0%| F|  |TAMS 0x000000008ea00000, 0x000000008ea00000| Untracked 
| 235|0x000000008eb00000, 0x000000008eb00000, 0x000000008ec00000|  0%| F|  |TAMS 0x000000008eb00000, 0x000000008eb00000| Untracked 
| 236|0x000000008ec00000, 0x000000008ec00000, 0x000000008ed00000|  0%| F|  |TAMS 0x000000008ec00000, 0x000000008ec00000| Untracked 
| 237|0x000000008ed00000, 0x000000008ed00000, 0x000000008ee00000|  0%| F|  |TAMS 0x000000008ed00000, 0x000000008ed00000| Untracked 
| 238|0x000000008ee00000, 0x000000008ee00000, 0x000000008ef00000|  0%| F|  |TAMS 0x000000008ee00000, 0x000000008ee00000| Untracked 
| 239|0x000000008ef00000, 0x000000008ef00000, 0x000000008f000000|  0%| F|  |TAMS 0x000000008ef00000, 0x000000008ef00000| Untracked 
| 240|0x000000008f000000, 0x000000008f000000, 0x000000008f100000|  0%| F|  |TAMS 0x000000008f000000, 0x000000008f000000| Untracked 
| 241|0x000000008f100000, 0x000000008f100000, 0x000000008f200000|  0%| F|  |TAMS 0x000000008f100000, 0x000000008f100000| Untracked 
| 242|0x000000008f200000, 0x000000008f2c86e0, 0x000000008f300000| 78%| E|  |TAMS 0x000000008f200000, 0x000000008f200000| Complete 
| 243|0x000000008f300000, 0x000000008f400000, 0x000000008f400000|100%| E|CS|TAMS 0x000000008f300000, 0x000000008f300000| Complete 
| 244|0x000000008f400000, 0x000000008f500000, 0x000000008f500000|100%| E|CS|TAMS 0x000000008f400000, 0x000000008f400000| Complete 
| 245|0x000000008f500000, 0x000000008f600000, 0x000000008f600000|100%| E|CS|TAMS 0x000000008f500000, 0x000000008f500000| Complete 
| 246|0x000000008f600000, 0x000000008f700000, 0x000000008f700000|100%| E|CS|TAMS 0x000000008f600000, 0x000000008f600000| Complete 
| 247|0x000000008f700000, 0x000000008f800000, 0x000000008f800000|100%| E|CS|TAMS 0x000000008f700000, 0x000000008f700000| Complete 
| 248|0x000000008f800000, 0x000000008f900000, 0x000000008f900000|100%| E|CS|TAMS 0x000000008f800000, 0x000000008f800000| Complete 
| 249|0x000000008f900000, 0x000000008fa00000, 0x000000008fa00000|100%| E|CS|TAMS 0x000000008f900000, 0x000000008f900000| Complete 
| 250|0x000000008fa00000, 0x000000008fb00000, 0x000000008fb00000|100%| E|CS|TAMS 0x000000008fa00000, 0x000000008fa00000| Complete 
| 251|0x000000008fb00000, 0x000000008fc00000, 0x000000008fc00000|100%| E|CS|TAMS 0x000000008fb00000, 0x000000008fb00000| Complete 
| 252|0x000000008fc00000, 0x000000008fd00000, 0x000000008fd00000|100%| E|CS|TAMS 0x000000008fc00000, 0x000000008fc00000| Complete 
| 253|0x000000008fd00000, 0x000000008fe00000, 0x000000008fe00000|100%| E|CS|TAMS 0x000000008fd00000, 0x000000008fd00000| Complete 
| 254|0x000000008fe00000, 0x000000008ff00000, 0x000000008ff00000|100%| E|CS|TAMS 0x000000008fe00000, 0x000000008fe00000| Complete 
| 255|0x000000008ff00000, 0x000000008fffffe0, 0x0000000090000000| 99%| E|  |TAMS 0x000000008ff00000, 0x000000008ff00000| Complete 
| 256|0x0000000090000000, 0x0000000090100000, 0x0000000090100000|100%| E|CS|TAMS 0x0000000090000000, 0x0000000090000000| Complete 
| 257|0x0000000090100000, 0x0000000090200000, 0x0000000090200000|100%| E|CS|TAMS 0x0000000090100000, 0x0000000090100000| Complete 

Card table byte_map: [0x00000229f4450000,0x00000229f4850000] _byte_map_base: 0x00000229f4050000

Marking Bits (Prev, Next): (CMBitMap*) 0x00000229e1239a18, (CMBitMap*) 0x00000229e1239a50
 Prev Bits: [0x00000229f4c50000, 0x00000229f6c50000)
 Next Bits: [0x00000229f6c50000, 0x00000229f8c50000)

Polling page: 0x00000229e09d0000

Metaspace:

Usage:
  Non-class:    120.76 MB capacity,   118.28 MB ( 98%) used,     2.11 MB (  2%) free+waste,   384.44 KB ( <1%) overhead. 
      Class:     18.33 MB capacity,    17.07 MB ( 93%) used,     1.09 MB (  6%) free+waste,   168.75 KB ( <1%) overhead. 
       Both:    139.09 MB capacity,   135.35 MB ( 97%) used,     3.20 MB (  2%) free+waste,   553.19 KB ( <1%) overhead. 

Virtual space:
  Non-class space:      122.00 MB reserved,     120.83 MB (>99%) committed 
      Class space:        1.00 GB reserved,      18.38 MB (  2%) committed 
             Both:        1.12 GB reserved,     139.20 MB ( 12%) committed 

Chunk freelists:
   Non-Class:  6.00 KB
       Class:  13.00 KB
        Both:  19.00 KB

MaxMetaspaceSize: 17179869184.00 GB
CompressedClassSpaceSize: 1.00 GB
Initial GC threshold: 20.80 MB
Current GC threshold: 230.13 MB
CDS: off

CodeHeap 'non-profiled nmethods': size=120000Kb used=16559Kb max_used=17256Kb free=103440Kb
 bounds [0x00000229ec7e0000, 0x00000229ed8c0000, 0x00000229f3d10000]
CodeHeap 'profiled nmethods': size=120000Kb used=41788Kb max_used=43843Kb free=78211Kb
 bounds [0x00000229e52b0000, 0x00000229e7d90000, 0x00000229ec7e0000]
CodeHeap 'non-nmethods': size=5760Kb used=2463Kb max_used=2524Kb free=3296Kb
 bounds [0x00000229e4d10000, 0x00000229e4fb0000, 0x00000229e52b0000]
 total_blobs=19279 nmethods=18295 adapters=895
 compilation: enabled
              stopped_count=0, restarted_count=0
 full_count=0

Compilation events (20 events):
Event: 2111.471 Thread 0x00000229fc03c800 21501       3       org.gradle.internal.watch.vfs.impl.LocationsWrittenByCurrentBuild::lambda$locationsWritten$0 (41 bytes)
Event: 2111.472 Thread 0x00000229fc03c800 nmethod 21501 0x00000229e5d92b90 code [0x00000229e5d92da0, 0x00000229e5d93338]
Event: 2111.472 Thread 0x00000229fc03c800 21500       3       org.gradle.internal.watch.vfs.impl.LocationsWrittenByCurrentBuild$$Lambda$932/0x0000000100accc40::apply (12 bytes)
Event: 2111.472 Thread 0x00000229fc03c800 nmethod 21500 0x00000229e5800910 code [0x00000229e5800ae0, 0x00000229e5800d08]
Event: 2111.472 Thread 0x00000229fc03c800 21502       3       org.gradle.internal.execution.steps.CaptureStateAfterExecutionStep::execute (10 bytes)
Event: 2111.472 Thread 0x00000229fc03c800 nmethod 21502 0x00000229e5888d10 code [0x00000229e5888ee0, 0x00000229e5889128]
Event: 2111.473 Thread 0x00000229fc03c800 21503       3       org.gradle.internal.execution.steps.CaptureStateAfterExecutionStep::execute (99 bytes)
Event: 2111.474 Thread 0x00000229fc03c800 nmethod 21503 0x00000229e77ed690 code [0x00000229e77ed9c0, 0x00000229e77eeee8]
Event: 2111.474 Thread 0x00000229fc03c800 21504   !   3       org.gradle.internal.execution.steps.CancelExecutionStep::execute (168 bytes)
Event: 2111.478 Thread 0x00000229fc03c800 nmethod 21504 0x00000229e616c910 code [0x00000229e616cda0, 0x00000229e616f388]
Event: 2111.478 Thread 0x00000229fc03c800 21505       3       org.gradle.internal.execution.steps.CancelExecutionStep$$Lambda$940/0x0000000100ad8c40::get$Lambda (9 bytes)
Event: 2111.478 Thread 0x00000229fc03c800 nmethod 21505 0x00000229e5970d90 code [0x00000229e5970f60, 0x00000229e59711b8]
Event: 2111.478 Thread 0x00000229fc03c800 21506       3       org.gradle.internal.execution.steps.CancelExecutionStep$$Lambda$940/0x0000000100ad8c40::<init> (10 bytes)
Event: 2111.478 Thread 0x00000229fc03c800 nmethod 21506 0x00000229e5898790 code [0x00000229e5898940, 0x00000229e5898af8]
Event: 2111.478 Thread 0x00000229fc03c800 21507       3       org.gradle.internal.execution.steps.ResolveInputChangesStep::execute (10 bytes)
Event: 2111.479 Thread 0x00000229fc03c800 nmethod 21507 0x00000229e5e52690 code [0x00000229e5e528a0, 0x00000229e5e52e78]
Event: 2111.479 Thread 0x00000229fc03c800 21508       3       org.gradle.internal.execution.steps.RemovePreviousOutputsStep::execute (10 bytes)
Event: 2111.479 Thread 0x00000229fc03c800 nmethod 21508 0x00000229e5b78790 code [0x00000229e5b78960, 0x00000229e5b78ba8]
Event: 2111.479 Thread 0x00000229fc03c800 21499       3       org.gradle.internal.fingerprint.impl.AbsolutePathFingerprintingStrategy$1::<init> (20 bytes)
Event: 2111.479 Thread 0x00000229fc03c800 nmethod 21499 0x00000229e5a06a90 code [0x00000229e5a06c60, 0x00000229e5a06f38]

GC Heap History (20 events):
Event: 2044.395 GC heap before
{Heap before GC invocations=331 (full 0):
 garbage-first heap   total 264192K, used 230402K [0x0000000080000000, 0x0000000100000000)
  region size 1024K, 43 young (44032K), 1 survivors (1024K)
 Metaspace       used 135825K, capacity 139431K, committed 139728K, reserved 1171456K
  class space    used 17216K, capacity 18455K, committed 18560K, reserved 1048576K
}
Event: 2044.398 GC heap after
{Heap after GC invocations=332 (full 0):
 garbage-first heap   total 264192K, used 187520K [0x0000000080000000, 0x0000000100000000)
  region size 1024K, 1 young (1024K), 1 survivors (1024K)
 Metaspace       used 135825K, capacity 139431K, committed 139728K, reserved 1171456K
  class space    used 17216K, capacity 18455K, committed 18560K, reserved 1048576K
}
Event: 2044.878 GC heap before
{Heap before GC invocations=332 (full 0):
 garbage-first heap   total 264192K, used 230528K [0x0000000080000000, 0x0000000100000000)
  region size 1024K, 43 young (44032K), 1 survivors (1024K)
 Metaspace       used 135826K, capacity 139431K, committed 139728K, reserved 1171456K
  class space    used 17216K, capacity 18455K, committed 18560K, reserved 1048576K
}
Event: 2044.881 GC heap after
{Heap after GC invocations=333 (full 0):
 garbage-first heap   total 264192K, used 187580K [0x0000000080000000, 0x0000000100000000)
  region size 1024K, 1 young (1024K), 1 survivors (1024K)
 Metaspace       used 135826K, capacity 139431K, committed 139728K, reserved 1171456K
  class space    used 17216K, capacity 18455K, committed 18560K, reserved 1048576K
}
Event: 2051.001 GC heap before
{Heap before GC invocations=334 (full 0):
 garbage-first heap   total 264192K, used 230588K [0x0000000080000000, 0x0000000100000000)
  region size 1024K, 44 young (45056K), 1 survivors (1024K)
 Metaspace       used 136798K, capacity 140549K, committed 140752K, reserved 1171456K
  class space    used 17314K, capacity 18538K, committed 18560K, reserved 1048576K
}
Event: 2051.008 GC heap after
{Heap after GC invocations=335 (full 0):
 garbage-first heap   total 264192K, used 188647K [0x0000000080000000, 0x0000000100000000)
  region size 1024K, 4 young (4096K), 4 survivors (4096K)
 Metaspace       used 136798K, capacity 140549K, committed 140752K, reserved 1171456K
  class space    used 17314K, capacity 18538K, committed 18560K, reserved 1048576K
}
Event: 2063.603 GC heap before
{Heap before GC invocations=335 (full 0):
 garbage-first heap   total 264192K, used 229607K [0x0000000080000000, 0x0000000100000000)
  region size 1024K, 45 young (46080K), 4 survivors (4096K)
 Metaspace       used 136933K, capacity 140590K, committed 140752K, reserved 1171456K
  class space    used 17322K, capacity 18544K, committed 18560K, reserved 1048576K
}
Event: 2063.626 GC heap after
{Heap after GC invocations=336 (full 0):
 garbage-first heap   total 264192K, used 190046K [0x0000000080000000, 0x0000000100000000)
  region size 1024K, 2 young (2048K), 2 survivors (2048K)
 Metaspace       used 136933K, capacity 140590K, committed 140752K, reserved 1171456K
  class space    used 17322K, capacity 18544K, committed 18560K, reserved 1048576K
}
Event: 2081.672 GC heap before
{Heap before GC invocations=337 (full 0):
 garbage-first heap   total 264192K, used 228958K [0x0000000080000000, 0x0000000100000000)
  region size 1024K, 42 young (43008K), 2 survivors (2048K)
 Metaspace       used 137036K, capacity 140674K, committed 140752K, reserved 1171456K
  class space    used 17323K, capacity 18545K, committed 18560K, reserved 1048576K
}
Event: 2081.680 GC heap after
{Heap after GC invocations=338 (full 0):
 garbage-first heap   total 264192K, used 190473K [0x0000000080000000, 0x0000000100000000)
  region size 1024K, 3 young (3072K), 3 survivors (3072K)
 Metaspace       used 137036K, capacity 140674K, committed 140752K, reserved 1171456K
  class space    used 17323K, capacity 18545K, committed 18560K, reserved 1048576K
}
Event: 2084.992 GC heap before
{Heap before GC invocations=338 (full 0):
 garbage-first heap   total 264192K, used 198665K [0x0000000080000000, 0x0000000100000000)
  region size 1024K, 12 young (12288K), 3 survivors (3072K)
 Metaspace       used 137087K, capacity 140754K, committed 141008K, reserved 1171456K
  class space    used 17323K, capacity 18545K, committed 18560K, reserved 1048576K
}
Event: 2085.010 GC heap after
{Heap after GC invocations=339 (full 0):
 garbage-first heap   total 264192K, used 187615K [0x0000000080000000, 0x0000000100000000)
  region size 1024K, 1 young (1024K), 1 survivors (1024K)
 Metaspace       used 137087K, capacity 140754K, committed 141008K, reserved 1171456K
  class space    used 17323K, capacity 18545K, committed 18560K, reserved 1048576K
}
Event: 2092.745 GC heap before
{Heap before GC invocations=339 (full 0):
 garbage-first heap   total 264192K, used 228575K [0x0000000080000000, 0x0000000100000000)
  region size 1024K, 42 young (43008K), 1 survivors (1024K)
 Metaspace       used 137480K, capacity 141194K, committed 141392K, reserved 1171456K
  class space    used 17357K, capacity 18577K, committed 18688K, reserved 1048576K
}
Event: 2092.753 GC heap after
{Heap after GC invocations=340 (full 0):
 garbage-first heap   total 264192K, used 190268K [0x0000000080000000, 0x0000000100000000)
  region size 1024K, 4 young (4096K), 4 survivors (4096K)
 Metaspace       used 137480K, capacity 141194K, committed 141392K, reserved 1171456K
  class space    used 17357K, capacity 18577K, committed 18688K, reserved 1048576K
}
Event: 2096.461 GC heap before
{Heap before GC invocations=341 (full 0):
 garbage-first heap   total 264192K, used 228156K [0x0000000080000000, 0x0000000100000000)
  region size 1024K, 42 young (43008K), 4 survivors (4096K)
 Metaspace       used 137627K, capacity 141422K, committed 141648K, reserved 1173504K
  class space    used 17367K, capacity 18586K, committed 18688K, reserved 1048576K
}
Event: 2096.475 GC heap after
{Heap after GC invocations=342 (full 0):
 garbage-first heap   total 264192K, used 191950K [0x0000000080000000, 0x0000000100000000)
  region size 1024K, 5 young (5120K), 5 survivors (5120K)
 Metaspace       used 137627K, capacity 141422K, committed 141648K, reserved 1173504K
  class space    used 17367K, capacity 18586K, committed 18688K, reserved 1048576K
}
Event: 2096.866 GC heap before
{Heap before GC invocations=342 (full 0):
 garbage-first heap   total 264192K, used 199118K [0x0000000080000000, 0x0000000100000000)
  region size 1024K, 12 young (12288K), 5 survivors (5120K)
 Metaspace       used 137805K, capacity 141623K, committed 141904K, reserved 1173504K
  class space    used 17396K, capacity 18653K, committed 18688K, reserved 1048576K
}
Event: 2096.928 GC heap after
{Heap after GC invocations=343 (full 0):
 garbage-first heap   total 264192K, used 187834K [0x0000000080000000, 0x0000000100000000)
  region size 1024K, 1 young (1024K), 1 survivors (1024K)
 Metaspace       used 137805K, capacity 141623K, committed 141904K, reserved 1173504K
  class space    used 17396K, capacity 18653K, committed 18688K, reserved 1048576K
}
Event: 2105.143 GC heap before
{Heap before GC invocations=343 (full 0):
 garbage-first heap   total 264192K, used 227770K [0x0000000080000000, 0x0000000100000000)
  region size 1024K, 42 young (43008K), 1 survivors (1024K)
 Metaspace       used 138505K, capacity 142391K, committed 142544K, reserved 1173504K
  class space    used 17469K, capacity 18739K, committed 18816K, reserved 1048576K
}
Event: 2105.167 GC heap after
{Heap after GC invocations=344 (full 0):
 garbage-first heap   total 264192K, used 188375K [0x0000000080000000, 0x0000000100000000)
  region size 1024K, 2 young (2048K), 2 survivors (2048K)
 Metaspace       used 138505K, capacity 142391K, committed 142544K, reserved 1173504K
  class space    used 17469K, capacity 18739K, committed 18816K, reserved 1048576K
}

Deoptimization events (20 events):
Event: 2105.083 Thread 0x000002298216a800 Uncommon trap: trap_request=0xffffffc6 fr.pc=0x00000229ed87ce34 relative=0x00000000000005b4
Event: 2105.083 Thread 0x000002298216a800 Uncommon trap: reason=bimorphic_or_optimized_type_check action=maybe_recompile pc=0x00000229ed87ce34 method=java.io.BufferedOutputStream.write([BII)V @ 20 c2
Event: 2105.083 Thread 0x000002298216a800 DEOPT PACKING pc=0x00000229ed87ce34 sp=0x0000009f503fb2c0
Event: 2105.086 Thread 0x000002298216a800 DEOPT UNPACKING pc=0x00000229e4d185af sp=0x0000009f503fb258 mode 2
Event: 2106.950 Thread 0x0000022986158000 Uncommon trap: trap_request=0xffffffde fr.pc=0x00000229ed8969bc relative=0x0000000000000a7c
Event: 2106.950 Thread 0x0000022986158000 Uncommon trap: reason=class_check action=maybe_recompile pc=0x00000229ed8969bc method=com.google.common.collect.ImmutableMap.copyOf(Ljava/util/Map;)Lcom/google/common/collect/ImmutableMap; @ 15 c2
Event: 2106.950 Thread 0x0000022986158000 DEOPT PACKING pc=0x00000229ed8969bc sp=0x0000009f526fb400
Event: 2106.955 Thread 0x0000022986158000 DEOPT UNPACKING pc=0x00000229e4d185af sp=0x0000009f526fb3d8 mode 2
Event: 2106.955 Thread 0x0000022986158000 Uncommon trap: trap_request=0xffffffde fr.pc=0x00000229ed8969bc relative=0x0000000000000a7c
Event: 2106.955 Thread 0x0000022986158000 Uncommon trap: reason=class_check action=maybe_recompile pc=0x00000229ed8969bc method=com.google.common.collect.ImmutableMap.copyOf(Ljava/util/Map;)Lcom/google/common/collect/ImmutableMap; @ 15 c2
Event: 2106.955 Thread 0x0000022986158000 DEOPT PACKING pc=0x00000229ed8969bc sp=0x0000009f526fb400
Event: 2106.955 Thread 0x0000022986158000 DEOPT UNPACKING pc=0x00000229e4d185af sp=0x0000009f526fb3d8 mode 2
Event: 2106.955 Thread 0x0000022986158000 Uncommon trap: trap_request=0xffffffde fr.pc=0x00000229ed8969bc relative=0x0000000000000a7c
Event: 2106.955 Thread 0x0000022986158000 Uncommon trap: reason=class_check action=maybe_recompile pc=0x00000229ed8969bc method=com.google.common.collect.ImmutableMap.copyOf(Ljava/util/Map;)Lcom/google/common/collect/ImmutableMap; @ 15 c2
Event: 2106.955 Thread 0x0000022986158000 DEOPT PACKING pc=0x00000229ed8969bc sp=0x0000009f526fb400
Event: 2106.955 Thread 0x0000022986158000 DEOPT UNPACKING pc=0x00000229e4d185af sp=0x0000009f526fb3d8 mode 2
Event: 2106.955 Thread 0x0000022986158000 Uncommon trap: trap_request=0xffffffde fr.pc=0x00000229ed8969bc relative=0x0000000000000a7c
Event: 2106.955 Thread 0x0000022986158000 Uncommon trap: reason=class_check action=maybe_recompile pc=0x00000229ed8969bc method=com.google.common.collect.ImmutableMap.copyOf(Ljava/util/Map;)Lcom/google/common/collect/ImmutableMap; @ 15 c2
Event: 2106.955 Thread 0x0000022986158000 DEOPT PACKING pc=0x00000229ed8969bc sp=0x0000009f526fb400
Event: 2106.955 Thread 0x0000022986158000 DEOPT UNPACKING pc=0x00000229e4d185af sp=0x0000009f526fb3d8 mode 2

Classes redefined (0 events):
No events

Internal exceptions (20 events):
Event: 2105.108 Thread 0x00000229fe9c0800 Exception <a 'sun/nio/fs/WindowsException'{0x000000008d9a54a8}> (0x000000008d9a54a8) thrown at [./src/hotspot/share/prims/jni.cpp, line 616]
Event: 2105.173 Thread 0x0000022980b90000 Exception <a 'sun/nio/fs/WindowsException'{0x000000009015c9e8}> (0x000000009015c9e8) thrown at [./src/hotspot/share/prims/jni.cpp, line 616]
Event: 2105.173 Thread 0x00000229fe9b8000 Exception <a 'sun/nio/fs/WindowsException'{0x00000000901363b8}> (0x00000000901363b8) thrown at [./src/hotspot/share/prims/jni.cpp, line 616]
Event: 2105.429 Thread 0x0000022982168000 Exception <a 'sun/nio/fs/WindowsException'{0x000000008ff49a00}> (0x000000008ff49a00) thrown at [./src/hotspot/share/prims/jni.cpp, line 616]
Event: 2106.420 Thread 0x0000022980b95800 Exception <a 'sun/nio/fs/WindowsException'{0x000000008fed5098}> (0x000000008fed5098) thrown at [./src/hotspot/share/prims/jni.cpp, line 616]
Event: 2106.437 Thread 0x000002298216a800 Exception <a 'sun/nio/fs/WindowsException'{0x000000008fd1c540}> (0x000000008fd1c540) thrown at [./src/hotspot/share/prims/jni.cpp, line 616]
Event: 2106.707 Thread 0x0000022986158000 Exception <a 'sun/nio/fs/WindowsException'{0x000000008fc286b0}> (0x000000008fc286b0) thrown at [./src/hotspot/share/prims/jni.cpp, line 616]
Event: 2107.113 Thread 0x0000022981f2e800 Exception <a 'sun/nio/fs/WindowsException'{0x000000008fb8bb30}> (0x000000008fb8bb30) thrown at [./src/hotspot/share/prims/jni.cpp, line 616]
Event: 2107.925 Thread 0x0000022982172800 Exception <a 'sun/nio/fs/WindowsException'{0x000000008f9057e0}> (0x000000008f9057e0) thrown at [./src/hotspot/share/prims/jni.cpp, line 616]
Event: 2107.950 Thread 0x000002298216f800 Exception <a 'sun/nio/fs/WindowsException'{0x000000008f9a6950}> (0x000000008f9a6950) thrown at [./src/hotspot/share/prims/jni.cpp, line 616]
Event: 2107.995 Thread 0x0000022982174000 Exception <a 'sun/nio/fs/WindowsException'{0x000000008faceb40}> (0x000000008faceb40) thrown at [./src/hotspot/share/prims/jni.cpp, line 616]
Event: 2108.335 Thread 0x0000022982174000 Exception <a 'sun/nio/fs/WindowsException'{0x000000008f7b03a8}> (0x000000008f7b03a8) thrown at [./src/hotspot/share/prims/jni.cpp, line 616]
Event: 2108.337 Thread 0x0000022981f30000 Exception <a 'sun/nio/fs/WindowsException'{0x000000008f7f4e78}> (0x000000008f7f4e78) thrown at [./src/hotspot/share/prims/jni.cpp, line 616]
Event: 2108.447 Thread 0x000002298615e800 Exception <a 'sun/nio/fs/WindowsException'{0x000000008f666058}> (0x000000008f666058) thrown at [./src/hotspot/share/prims/jni.cpp, line 616]
Event: 2108.981 Thread 0x0000022981f31000 Exception <a 'sun/nio/fs/WindowsException'{0x000000008f509760}> (0x000000008f509760) thrown at [./src/hotspot/share/prims/jni.cpp, line 616]
Event: 2110.022 Thread 0x0000022981f30000 Exception <a 'sun/nio/fs/WindowsException'{0x000000008f5bce50}> (0x000000008f5bce50) thrown at [./src/hotspot/share/prims/jni.cpp, line 616]
Event: 2110.087 Thread 0x000002298615f800 Exception <a 'sun/nio/fs/WindowsException'{0x000000008f44acf8}> (0x000000008f44acf8) thrown at [./src/hotspot/share/prims/jni.cpp, line 616]
Event: 2110.118 Thread 0x00000229fe9bc000 Exception <a 'sun/nio/fs/WindowsException'{0x000000008f46af50}> (0x000000008f46af50) thrown at [./src/hotspot/share/prims/jni.cpp, line 616]
Event: 2111.181 Thread 0x0000022981f31000 Exception <a 'sun/nio/fs/WindowsException'{0x000000008f35ee10}> (0x000000008f35ee10) thrown at [./src/hotspot/share/prims/jni.cpp, line 616]
Event: 2111.397 Thread 0x000002298615e800 Exception <a 'sun/nio/fs/WindowsException'{0x000000008f3def28}> (0x000000008f3def28) thrown at [./src/hotspot/share/prims/jni.cpp, line 616]

Events (20 events):
Event: 2106.883 loading class com/google/common/collect/ImmutableMapValues
Event: 2106.883 loading class com/google/common/collect/ImmutableMapValues done
Event: 2106.915 loading class com/google/common/collect/ImmutableMapKeySet
Event: 2106.915 loading class com/google/common/collect/ImmutableMapKeySet done
Event: 2106.927 loading class com/google/common/collect/ImmutableMap$IteratorBasedImmutableMap$1EntrySetImpl
Event: 2106.927 loading class com/google/common/collect/ImmutableMap$IteratorBasedImmutableMap$1EntrySetImpl done
Event: 2106.929 loading class com/google/common/collect/DenseImmutableTable$ImmutableArrayMap$1
Event: 2106.929 loading class com/google/common/collect/DenseImmutableTable$ImmutableArrayMap$1 done
Event: 2106.937 loading class com/google/common/collect/DenseImmutableTable$Row
Event: 2106.937 loading class com/google/common/collect/DenseImmutableTable$Row done
Event: 2106.940 loading class com/google/common/collect/DenseImmutableTable$Column
Event: 2106.940 loading class com/google/common/collect/DenseImmutableTable$Column done
Event: 2106.956 loading class com/google/common/collect/ImmutableMapValues$1
Event: 2106.956 loading class com/google/common/collect/ImmutableMapValues$1 done
Event: 2106.956 loading class com/google/common/collect/ImmutableMapValues$2
Event: 2106.956 loading class com/google/common/collect/ImmutableMapValues$2 done
Event: 2106.958 loading class com/google/common/collect/AbstractIterator$State
Event: 2106.958 loading class com/google/common/collect/AbstractIterator$State done
Event: 2106.975 loading class com/google/common/collect/AbstractIterator$1
Event: 2106.975 loading class com/google/common/collect/AbstractIterator$1 done


Dynamic libraries:
0x00007ff6b28c0000 - 0x00007ff6b28ca000 	C:\Program Files\Android\Android Studio\jre\bin\java.exe
0x00007ff9b5c90000 - 0x00007ff9b5ea4000 	C:\windows\SYSTEM32\ntdll.dll
0x00007ff9b55f0000 - 0x00007ff9b56b3000 	C:\windows\System32\KERNEL32.DLL
0x00007ff9b3470000 - 0x00007ff9b380c000 	C:\windows\System32\KERNELBASE.dll
0x00007ff9b3150000 - 0x00007ff9b3261000 	C:\windows\System32\ucrtbase.dll
0x00007ff98c790000 - 0x00007ff98c7a9000 	C:\Program Files\Android\Android Studio\jre\bin\jli.dll
0x00007ff986130000 - 0x00007ff986147000 	C:\Program Files\Android\Android Studio\jre\bin\VCRUNTIME140.dll
0x00007ff9b3b00000 - 0x00007ff9b3cad000 	C:\windows\System32\USER32.dll
0x00007ff9b3270000 - 0x00007ff9b3296000 	C:\windows\System32\win32u.dll
0x00007ff9b3d60000 - 0x00007ff9b3d89000 	C:\windows\System32\GDI32.dll
0x00007ff9b3980000 - 0x00007ff9b3a92000 	C:\windows\System32\gdi32full.dll
0x00007ff9b33d0000 - 0x00007ff9b346a000 	C:\windows\System32\msvcp_win.dll
0x00007ff994150000 - 0x00007ff9943de000 	C:\windows\WinSxS\amd64_microsoft.windows.common-controls_6595b64144ccf1df_6.0.22621.608_none_a9444ca7c10bb01d\COMCTL32.dll
0x00007ff9b3fb0000 - 0x00007ff9b4057000 	C:\windows\System32\msvcrt.dll
0x00007ff9b4d90000 - 0x00007ff9b4dc2000 	C:\windows\System32\IMM32.DLL
0x00007ff97a980000 - 0x00007ff97aa1d000 	C:\Program Files\Android\Android Studio\jre\bin\msvcp140.dll
0x00007ff959480000 - 0x00007ff959f82000 	C:\Program Files\Android\Android Studio\jre\bin\server\jvm.dll
0x00007ff9b4f90000 - 0x00007ff9b503e000 	C:\windows\System32\ADVAPI32.dll
0x00007ff9b56c0000 - 0x00007ff9b5764000 	C:\windows\System32\sechost.dll
0x00007ff9b5250000 - 0x00007ff9b5365000 	C:\windows\System32\RPCRT4.dll
0x00007ff9b5380000 - 0x00007ff9b5388000 	C:\windows\System32\PSAPI.DLL
0x00007ff9792b0000 - 0x00007ff9792b9000 	C:\windows\SYSTEM32\WSOCK32.dll
0x00007ff9b4180000 - 0x00007ff9b41f1000 	C:\windows\System32\WS2_32.dll
0x00007ff9a5f90000 - 0x00007ff9a5fc4000 	C:\windows\SYSTEM32\WINMM.dll
0x00007ff9a6630000 - 0x00007ff9a663a000 	C:\windows\SYSTEM32\VERSION.dll
0x00007ff9b2160000 - 0x00007ff9b2178000 	C:\windows\SYSTEM32\kernel.appcore.dll
0x00007ff9ab900000 - 0x00007ff9ab911000 	C:\Program Files\Android\Android Studio\jre\bin\verify.dll
0x00007ff9b0a70000 - 0x00007ff9b0c9e000 	C:\windows\SYSTEM32\DBGHELP.DLL
0x00007ff9b4a00000 - 0x00007ff9b4d8a000 	C:\windows\System32\combase.dll
0x00007ff9b5390000 - 0x00007ff9b5467000 	C:\windows\System32\OLEAUT32.dll
0x00007ff991cf0000 - 0x00007ff991d22000 	C:\windows\SYSTEM32\dbgcore.DLL
0x00007ff9b30d0000 - 0x00007ff9b314b000 	C:\windows\System32\bcryptPrimitives.dll
0x00007ff9a98f0000 - 0x00007ff9a9919000 	C:\Program Files\Android\Android Studio\jre\bin\java.dll
0x00007ff9aceb0000 - 0x00007ff9acebb000 	C:\Program Files\Android\Android Studio\jre\bin\jimage.dll
0x00007ff993280000 - 0x00007ff993298000 	C:\Program Files\Android\Android Studio\jre\bin\zip.dll
0x00007ff9b4210000 - 0x00007ff9b49ff000 	C:\windows\System32\SHELL32.dll
0x00007ff9b10a0000 - 0x00007ff9b1968000 	C:\windows\SYSTEM32\windows.storage.dll
0x00007ff9b0f60000 - 0x00007ff9b109e000 	C:\windows\SYSTEM32\wintypes.dll
0x00007ff9b4080000 - 0x00007ff9b4171000 	C:\windows\System32\SHCORE.dll
0x00007ff9b5500000 - 0x00007ff9b555e000 	C:\windows\System32\shlwapi.dll
0x00007ff9b3000000 - 0x00007ff9b3021000 	C:\windows\SYSTEM32\profapi.dll
0x00007ff9916a0000 - 0x00007ff9916ba000 	C:\Program Files\Android\Android Studio\jre\bin\net.dll
0x00007ff9a9770000 - 0x00007ff9a989f000 	C:\windows\SYSTEM32\WINHTTP.dll
0x00007ff9b2680000 - 0x00007ff9b26e9000 	C:\windows\system32\mswsock.dll
0x00007ff98ec50000 - 0x00007ff98ec64000 	C:\Program Files\Android\Android Studio\jre\bin\nio.dll
0x00007ff98c650000 - 0x00007ff98c677000 	C:\Users\kches\.gradle\native\e1d6ef7f7dcc3fd88c89a11ec53ec762bb8ba0a96d01ffa2cd45eb1d1d8dd5c5\windows-amd64\native-platform.dll
0x00007ff97d8c0000 - 0x00007ff97da04000 	C:\Users\kches\.gradle\native\5664cfc778a61ccfe75a443a1ab52a65af34e5dc3c78e0209fed803814484fcb\windows-amd64\native-platform-file-events.dll
0x00007ff9a1200000 - 0x00007ff9a120a000 	C:\Program Files\Android\Android Studio\jre\bin\management.dll
0x00007ff9931c0000 - 0x00007ff9931cd000 	C:\Program Files\Android\Android Studio\jre\bin\management_ext.dll
0x00007ff9b28d0000 - 0x00007ff9b28eb000 	C:\windows\SYSTEM32\CRYPTSP.dll
0x00007ff9b20d0000 - 0x00007ff9b2105000 	C:\windows\system32\rsaenh.dll
0x00007ff9b2770000 - 0x00007ff9b2798000 	C:\windows\SYSTEM32\USERENV.dll
0x00007ff9b2a70000 - 0x00007ff9b2a98000 	C:\windows\SYSTEM32\bcrypt.dll
0x00007ff9b28f0000 - 0x00007ff9b28fc000 	C:\windows\SYSTEM32\CRYPTBASE.dll
0x00007ff9b1bb0000 - 0x00007ff9b1bdd000 	C:\windows\SYSTEM32\IPHLPAPI.DLL
0x00007ff9b4200000 - 0x00007ff9b4209000 	C:\windows\System32\NSI.dll
0x00007ff9a6ae0000 - 0x00007ff9a6af9000 	C:\windows\SYSTEM32\dhcpcsvc6.DLL
0x00007ff9a6980000 - 0x00007ff9a699f000 	C:\windows\SYSTEM32\dhcpcsvc.DLL
0x00007ff9b1be0000 - 0x00007ff9b1cd3000 	C:\windows\SYSTEM32\DNSAPI.dll
0x00007ff98df80000 - 0x00007ff98dfa7000 	C:\Program Files\Android\Android Studio\jre\bin\sunec.dll
0x00007ff9a5f80000 - 0x00007ff9a5f8a000 	C:\Windows\System32\rasadhlp.dll
0x00007ff9a1520000 - 0x00007ff9a15a3000 	C:\windows\System32\fwpuclnt.dll

dbghelp: loaded successfully - version: 4.0.5 - missing functions: none
symbol engine: initialized successfully - sym options: 0x614 - pdb path: .;C:\Program Files\Android\Android Studio\jre\bin;C:\windows\SYSTEM32;C:\windows\WinSxS\amd64_microsoft.windows.common-controls_6595b64144ccf1df_6.0.22621.608_none_a9444ca7c10bb01d;C:\Program Files\Android\Android Studio\jre\bin\server;C:\Users\kches\.gradle\native\e1d6ef7f7dcc3fd88c89a11ec53ec762bb8ba0a96d01ffa2cd45eb1d1d8dd5c5\windows-amd64;C:\Users\kches\.gradle\native\5664cfc778a61ccfe75a443a1ab52a65af34e5dc3c78e0209fed803814484fcb\windows-amd64

VM Arguments:
jvm_args: --add-opens=java.base/java.util=ALL-UNNAMED --add-opens=java.base/java.lang=ALL-UNNAMED --add-opens=java.base/java.lang.invoke=ALL-UNNAMED --add-opens=java.base/java.util=ALL-UNNAMED --add-opens=java.prefs/java.util.prefs=ALL-UNNAMED --add-opens=java.prefs/java.util.prefs=ALL-UNNAMED --add-opens=java.base/java.nio.charset=ALL-UNNAMED --add-opens=java.base/java.net=ALL-UNNAMED --add-opens=java.base/java.util.concurrent.atomic=ALL-UNNAMED -Xmx2048m -Dfile.encoding=UTF-8 -Duser.country=CA -Duser.language=en -Duser.variant 
java_command: org.gradle.launcher.daemon.bootstrap.GradleDaemon 7.3.3
java_class_path (initial): C:\Users\kches\.gradle\wrapper\dists\gradle-7.3.3-bin\6a41zxkdtcxs8rphpq6y0069z\gradle-7.3.3\lib\gradle-launcher-7.3.3.jar
Launcher Type: SUN_STANDARD

[Global flags]
     intx CICompilerCount                          = 4                                         {product} {ergonomic}
     uint ConcGCThreads                            = 2                                         {product} {ergonomic}
     uint G1ConcRefinementThreads                  = 8                                         {product} {ergonomic}
   size_t G1HeapRegionSize                         = 1048576                                   {product} {ergonomic}
    uintx GCDrainStackTargetSize                   = 64                                        {product} {ergonomic}
   size_t InitialHeapSize                          = 130023424                                 {product} {ergonomic}
   size_t MarkStackSize                            = 4194304                                   {product} {ergonomic}
   size_t MaxHeapSize                              = 2147483648                                {product} {command line}
   size_t MaxNewSize                               = 1287651328                                {product} {ergonomic}
   size_t MinHeapDeltaBytes                        = 1048576                                   {product} {ergonomic}
    uintx NonNMethodCodeHeapSize                   = 5836300                                {pd product} {ergonomic}
    uintx NonProfiledCodeHeapSize                  = 122910970                              {pd product} {ergonomic}
    uintx ProfiledCodeHeapSize                     = 122910970                              {pd product} {ergonomic}
    uintx ReservedCodeCacheSize                    = 251658240                              {pd product} {ergonomic}
     bool SegmentedCodeCache                       = true                                      {product} {ergonomic}
     bool UseCompressedClassPointers               = true                                 {lp64_product} {ergonomic}
     bool UseCompressedOops                        = true                                 {lp64_product} {ergonomic}
     bool UseG1GC                                  = true                                      {product} {ergonomic}
     bool UseLargePagesIndividualAllocation        = false                                  {pd product} {ergonomic}

Logging:
Log output configuration:
 #0: stdout all=warning uptime,level,tags
 #1: stderr all=off uptime,level,tags

Environment Variables:
PATH=C:\windows\system32;C:\windows;C:\windows\System32\Wbem;C:\windows\System32\WindowsPowerShell\v1.0\;C:\windows\System32\OpenSSH\;C:\Program Files\Microsoft SQL Server\150\Tools\Binn\;C:\Program Files\Microsoft SQL Server\Client SDK\ODBC\170\Tools\Binn\;C:\Program Files\dotnet\;C:\Program Files\Git\cmd;%NVM_HOME%;%NVM_SYMLINK%;C:\Users\kches\AppData\Local\Microsoft\WindowsApps;C:\Users\kches\AppData\Local\Programs\Microsoft VS Code\bin;C:\Users\kches\AppData\Roaming\npm;C:\Users\kches\.dotnet\tools;C:\Users\kches\AppData\Roaming\nvm;C:\Program Files\nodejs
USERNAME=kches
OS=Windows_NT
PROCESSOR_IDENTIFIER=Intel64 Family 6 Model 140 Stepping 1, GenuineIntel



---------------  S Y S T E M  ---------------

OS: Windows 11 , 64 bit Build 22621 (10.0.22621.1194)
OS uptime: 10 days 3:24 hours
Hyper-V role detected

CPU:total 8 (initial active 8) (4 cores per cpu, 2 threads per core) family 6 model 140 stepping 1 microcode 0xa4, cmov, cx8, fxsr, mmx, sse, sse2, sse3, ssse3, sse4.1, sse4.2, popcnt, avx, avx2, aes, clmul, erms, 3dnowpref, lzcnt, ht, tsc, tscinvbit, bmi1, bmi2, adx, evex, sha, fma

Memory: 4k page, system-wide physical 7932M (176M free)
TotalPageFile size 32508M (AvailPageFile size 4M)
current process WorkingSet (physical memory assigned to process): 275M, peak: 444M
current process commit charge ("private bytes"): 658M, peak: 661M

vm_info: OpenJDK 64-Bit Server VM (11.0.13+0-b1751.21-8125866) for windows-amd64 JRE (11.0.13+0-b1751.21-8125866), built on Feb  2 2022 03:00:22 by "builder" with MS VC++ 14.0 (VS2015)

END.
